#
# There is insufficient memory for the Java Runtime Environment to continue.
# Native memory allocation (mmap) failed to map 214564864 bytes for committing reserved memory.
# Possible reasons:
#   The system is out of physical RAM or swap space
#   In 32 bit mode, the process size limit was hit
# Possible solutions:
#   Reduce memory load on the system
#   Increase physical memory or swap space
#   Check if swap backing store is full
#   Use 64 bit Java on a 64 bit OS
#   Decrease Java heap size (-Xmx/-Xms)
#   Decrease number of Java threads
#   Decrease Java thread stack sizes (-Xss)
#   Set larger code cache with -XX:ReservedCodeCacheSize=
# This output file may be truncated or incomplete.
#
#  Out of Memory Error (os_linux.cpp:2746), pid=710, tid=0x00007f4bad251700
#
# JRE version: OpenJDK Runtime Environment (8.0_191-b12) (build 1.8.0_191-8u191-b12-0ubuntu0.18.04.1-b12)
# Java VM: OpenJDK 64-Bit Server VM (25.191-b12 mixed mode linux-amd64 compressed oops)
# Failed to write core dump. Core dumps have been disabled. To enable core dumping, try "ulimit -c unlimited" before starting Java again
#

---------------  T H R E A D  ---------------

Current thread (0x00007f4ba8075000):  VMThread [stack: 0x00007f4bad152000,0x00007f4bad252000] [id=727]

Stack: [0x00007f4bad152000,0x00007f4bad252000],  sp=0x00007f4bad2504d0,  free space=1017k
Native frames: (J=compiled Java code, j=interpreted, Vv=VM code, C=native code)
V  [libjvm.so+0xab2512]
V  [libjvm.so+0x4d9e97]
V  [libjvm.so+0x8ed690]
V  [libjvm.so+0x8e47be]
V  [libjvm.so+0xaaeea0]
V  [libjvm.so+0x5e13fd]
V  [libjvm.so+0x5e1fd1]
V  [libjvm.so+0x5cd455]
V  [libjvm.so+0x45995c]
V  [libjvm.so+0xab344f]
V  [libjvm.so+0xab8d96]
V  [libjvm.so+0xab7035]
V  [libjvm.so+0xab79ad]
V  [libjvm.so+0xab7d87]
V  [libjvm.so+0x8eaa42]

VM_Operation (0x00007f4b76d800d0): GenCollectForAllocation, mode: safepoint, requested by thread 0x00007f4b90028000


---------------  P R O C E S S  ---------------

Java Threads: ( => current thread )
  0x00007f4b94181800 JavaThread "threadDeathWatcher-7-1" daemon [_thread_blocked, id=784, stack(0x00007f4b75a7e000,0x00007f4b75b7f000)]
  0x00007f4b886eb000 JavaThread "files-client-6-1" daemon [_thread_in_native, id=783, stack(0x00007f4b76b80000,0x00007f4b76c81000)]
  0x00007f4b90028000 JavaThread "Executor task launch worker for task 3" daemon [_thread_blocked, id=782, stack(0x00007f4b76c81000,0x00007f4b76d82000)]
  0x00007f4b90025000 JavaThread "Executor task launch worker for task 2" daemon [_thread_blocked, id=781, stack(0x00007f4b76d82000,0x00007f4b76e83000)]
  0x00007f4b90023800 JavaThread "Executor task launch worker for task 1" daemon [_thread_blocked, id=780, stack(0x00007f4b76e83000,0x00007f4b76f84000)]
  0x00007f4b90022000 JavaThread "Executor task launch worker for task 0" daemon [_thread_blocked, id=779, stack(0x00007f4b77384000,0x00007f4b77485000)]
  0x00007f4ba99dd800 JavaThread "org.apache.hadoop.fs.FileSystem$Statistics$StatisticsDataReferenceCleaner" daemon [_thread_blocked, id=775, stack(0x00007f4b77b01000,0x00007f4b77c02000)]
  0x00007f4b8c01a000 JavaThread "element-tracking-store-worker" daemon [_thread_blocked, id=774, stack(0x00007f4b77e02000,0x00007f4b77f03000)]
  0x00007f4ba9765800 JavaThread "spark-listener-group-executorManagement" daemon [_thread_blocked, id=773, stack(0x00007f4b77f03000,0x00007f4b78004000)]
  0x00007f4ba9763800 JavaThread "spark-listener-group-appStatus" daemon [_thread_blocked, id=772, stack(0x00007f4b7814d000,0x00007f4b7824e000)]
  0x00007f4ba9760000 JavaThread "context-cleaner-periodic-gc" daemon [_thread_blocked, id=771, stack(0x00007f4b78004000,0x00007f4b78105000)]
  0x00007f4ba975e800 JavaThread "Spark Context Cleaner" daemon [_thread_blocked, id=770, stack(0x00007f4b7824e000,0x00007f4b7834f000)]
  0x00007f4ba95b6800 JavaThread "shuffle-server-5-1" daemon [_thread_blocked, id=769, stack(0x00007f4b7854f000,0x00007f4b78650000)]
  0x00007f4ba953a000 JavaThread "driver-heartbeater" daemon [_thread_blocked, id=768, stack(0x00007f4b78650000,0x00007f4b78751000)]
  0x00007f4ba9530000 JavaThread "dag-scheduler-event-loop" daemon [_thread_blocked, id=767, stack(0x00007f4b78751000,0x00007f4b78852000)]
  0x00007f4b94055800 JavaThread "netty-rpc-env-timeout" daemon [_thread_blocked, id=766, stack(0x00007f4b78a52000,0x00007f4b78b53000)]
  0x00007f4ba950b000 JavaThread "Timer-0" daemon [_thread_blocked, id=765, stack(0x00007f4b78b53000,0x00007f4b78c54000)]
  0x00007f4b84003000 JavaThread "heartbeat-receiver-event-loop-thread" daemon [_thread_blocked, id=764, stack(0x00007f4b78c54000,0x00007f4b78d55000)]
  0x00007f4ba94c9800 JavaThread "SparkUI-34" daemon [_thread_blocked, id=763, stack(0x00007f4b78d55000,0x00007f4b78e56000)]
  0x00007f4ba94c7800 JavaThread "SparkUI-33" daemon [_thread_blocked, id=762, stack(0x00007f4b78e56000,0x00007f4b78f57000)]
  0x00007f4ba94c6000 JavaThread "SparkUI-32" daemon [_thread_blocked, id=761, stack(0x00007f4b78f57000,0x00007f4b79058000)]
  0x00007f4ba94c4800 JavaThread "SparkUI-31" daemon [_thread_blocked, id=760, stack(0x00007f4b79058000,0x00007f4b79159000)]
  0x00007f4ba94c2800 JavaThread "SparkUI-30" daemon [_thread_blocked, id=759, stack(0x00007f4b79159000,0x00007f4b7925a000)]
  0x00007f4ba94c1000 JavaThread "SparkUI-29" daemon [_thread_blocked, id=758, stack(0x00007f4b7925a000,0x00007f4b7935b000)]
  0x00007f4ba94b9000 JavaThread "SparkUI-28-acceptor-0@5064d5cf-ServerConnector@5ea321b3{HTTP/1.1,[http/1.1]}{0.0.0.0:4041}" daemon [_thread_in_native, id=757, stack(0x00007f4b7935b000,0x00007f4b7945c000)]
  0x00007f4ba94b6000 JavaThread "SparkUI-27" daemon [_thread_in_native, id=756, stack(0x00007f4b7945c000,0x00007f4b7955d000)]
  0x00007f4ba8627000 JavaThread "RemoteBlock-temp-file-clean-thread" daemon [_thread_blocked, id=755, stack(0x00007f4b7975d000,0x00007f4b7985e000)]
  0x00007f4ba92aa800 JavaThread "map-output-dispatcher-7" daemon [_thread_blocked, id=753, stack(0x00007f4b7985e000,0x00007f4b7995f000)]
  0x00007f4ba8adc000 JavaThread "map-output-dispatcher-6" daemon [_thread_blocked, id=752, stack(0x00007f4b7995f000,0x00007f4b79a60000)]
  0x00007f4ba8ada800 JavaThread "map-output-dispatcher-5" daemon [_thread_blocked, id=751, stack(0x00007f4b79a60000,0x00007f4b79b61000)]
  0x00007f4ba8ad8800 JavaThread "map-output-dispatcher-4" daemon [_thread_blocked, id=750, stack(0x00007f4b79b61000,0x00007f4b79c62000)]
  0x00007f4ba8ad7000 JavaThread "map-output-dispatcher-3" daemon [_thread_blocked, id=748, stack(0x00007f4b79c62000,0x00007f4b79d63000)]
  0x00007f4ba8ad5800 JavaThread "map-output-dispatcher-2" daemon [_thread_blocked, id=747, stack(0x00007f4b79d63000,0x00007f4b79e64000)]
  0x00007f4ba8ad4800 JavaThread "map-output-dispatcher-1" daemon [_thread_blocked, id=746, stack(0x00007f4b79e64000,0x00007f4b79f65000)]
  0x00007f4ba8ad3800 JavaThread "map-output-dispatcher-0" daemon [_thread_blocked, id=745, stack(0x00007f4b79f65000,0x00007f4b7a066000)]
  0x00007f4ba876f000 JavaThread "rpc-server-3-1" daemon [_thread_in_native, id=744, stack(0x00007f4b7a066000,0x00007f4b7a167000)]
  0x00007f4ba92a1000 JavaThread "dispatcher-event-loop-3" daemon [_thread_blocked, id=743, stack(0x00007f4b7a77a000,0x00007f4b7a87b000)]
  0x00007f4ba929f800 JavaThread "dispatcher-event-loop-2" daemon [_thread_blocked, id=742, stack(0x00007f4b7a87b000,0x00007f4b7a97c000)]
  0x00007f4ba929e000 JavaThread "dispatcher-event-loop-1" daemon [_thread_blocked, id=741, stack(0x00007f4b7a97c000,0x00007f4b7aa7d000)]
  0x00007f4ba929d000 JavaThread "dispatcher-event-loop-0" daemon [_thread_blocked, id=740, stack(0x00007f4b7ae7f000,0x00007f4b7af80000)]
  0x00007f4ba9134000 JavaThread "process reaper" daemon [_thread_blocked, id=738, stack(0x00007f4b7af80000,0x00007f4b7afb9000)]
  0x00007f4ba80ba800 JavaThread "Service Thread" daemon [_thread_blocked, id=733, stack(0x00007f4bac17c000,0x00007f4bac27d000)]
  0x00007f4ba80b7800 JavaThread "C1 CompilerThread1" daemon [_thread_blocked, id=732, stack(0x00007f4bac27e000,0x00007f4bac37e000)]
  0x00007f4ba80b5000 JavaThread "C2 CompilerThread0" daemon [_thread_blocked, id=731, stack(0x00007f4bac37f000,0x00007f4bac47f000)]
  0x00007f4ba80b3800 JavaThread "Signal Dispatcher" daemon [_thread_blocked, id=730, stack(0x00007f4bac47f000,0x00007f4bac580000)]
  0x00007f4ba8081000 JavaThread "Finalizer" daemon [_thread_blocked, id=729, stack(0x00007f4bacf4f000,0x00007f4bad050000)]
  0x00007f4ba807e800 JavaThread "Reference Handler" daemon [_thread_blocked, id=728, stack(0x00007f4bad050000,0x00007f4bad151000)]
  0x00007f4ba8010800 JavaThread "main" [_thread_blocked, id=726, stack(0x00007f4bb1a58000,0x00007f4bb1b58000)]

Other Threads:
=>0x00007f4ba8075000 VMThread [stack: 0x00007f4bad152000,0x00007f4bad252000] [id=727]
  0x00007f4ba80bd800 WatcherThread [stack: 0x00007f4bac07c000,0x00007f4bac17c000] [id=734]

VM state:at safepoint (normal execution)

VM Mutex/Monitor currently owned by a thread:  ([mutex/lock_event])
[0x00007f4ba800cf00] Threads_lock - owner thread: 0x00007f4ba8075000
[0x00007f4ba800d400] Heap_lock - owner thread: 0x00007f4b90028000

Heap:
 def new generation   total 152640K, used 0K [0x00000000c0000000, 0x00000000ca5a0000, 0x00000000d5550000)
  eden space 135680K,   0% used [0x00000000c0000000, 0x00000000c0000000, 0x00000000c8480000)
  from space 16960K,   0% used [0x00000000c9510000, 0x00000000c9510000, 0x00000000ca5a0000)
  to   space 16960K,   0% used [0x00000000c8480000, 0x00000000c8480000, 0x00000000c9510000)
 tenured generation   total 371908K, used 348865K [0x00000000d5550000, 0x00000000ec081000, 0x0000000100000000)
   the space 371908K,  93% used [0x00000000d5550000, 0x00000000eaa007d0, 0x00000000eaa00800, 0x00000000ec081000)
 Metaspace       used 43376K, capacity 43836K, committed 43992K, reserved 1087488K
  class space    used 6180K, capacity 6304K, committed 6400K, reserved 1048576K

Card table byte_map: [0x00007f4badded000,0x00007f4badfee000] byte_map_base: 0x00007f4bad7ed000

Polling page: 0x00007f4bb1b6c000

CodeCache: size=245760Kb used=8301Kb max_used=8314Kb free=237458Kb
 bounds [0x00007f4b99000000, 0x00007f4b99830000, 0x00007f4ba8000000]
 total_blobs=3594 nmethods=3029 adapters=478
 compilation: enabled

Compilation events (10 events):
Event: 52.716 Thread 0x00007f4ba80b7800 3412       3       scala.reflect.AnyValManifest::equals (11 bytes)
Event: 52.732 Thread 0x00007f4ba80b5000 3413       4       scala.collection.generic.Growable$$anonfun$$plus$plus$eq$1::apply (6 bytes)
Event: 52.736 Thread 0x00007f4ba80b5000 nmethod 3413 0x00007f4b998251d0 code [0x00007f4b99825320, 0x00007f4b99825398]
Event: 52.736 Thread 0x00007f4ba80b5000 3414       4       java.lang.Integer::highestOneBit (38 bytes)
Event: 52.747 Thread 0x00007f4ba80b5000 nmethod 3414 0x00007f4b99824050 code [0x00007f4b99824180, 0x00007f4b998241f8]
Event: 52.767 Thread 0x00007f4ba80b5000 3415       4       scala.collection.generic.Growable$class::$plus$plus$eq (44 bytes)
Event: 52.794 Thread 0x00007f4ba80b7800 nmethod 3412 0x00007f4b99823c90 code [0x00007f4b99823e00, 0x00007f4b99823fb0]
Event: 53.145 Thread 0x00007f4ba80b5000 nmethod 3415 0x00007f4b99825ad0 code [0x00007f4b99825cc0, 0x00007f4b998263e8]
Event: 53.145 Thread 0x00007f4ba80b5000 3416       4       java.util.AbstractCollection::isEmpty (13 bytes)
Event: 53.146 Thread 0x00007f4ba80b5000 nmethod 3416 0x00007f4b99825890 code [0x00007f4b998259e0, 0x00007f4b99825a58]

GC Heap History (10 events):
Event: 43.017 GC heap after
Heap after GC invocations=84 (full 6):
 def new generation   total 152640K, used 11134K [0x00000000c0000000, 0x00000000ca5a0000, 0x00000000d5550000)
  eden space 135680K,   0% used [0x00000000c0000000, 0x00000000c0000000, 0x00000000c8480000)
  from space 16960K,  65% used [0x00000000c8480000, 0x00000000c8f5fbb0, 0x00000000c9510000)
  to   space 16960K,   0% used [0x00000000c9510000, 0x00000000c9510000, 0x00000000ca5a0000)
 tenured generation   total 339132K, used 277790K [0x00000000d5550000, 0x00000000ea07f000, 0x0000000100000000)
   the space 339132K,  81% used [0x00000000d5550000, 0x00000000e6497930, 0x00000000e6497a00, 0x00000000ea07f000)
 Metaspace       used 43371K, capacity 43836K, committed 43992K, reserved 1087488K
  class space    used 6180K, capacity 6304K, committed 6400K, reserved 1048576K
}
Event: 45.963 GC heap before
{Heap before GC invocations=84 (full 6):
 def new generation   total 152640K, used 146814K [0x00000000c0000000, 0x00000000ca5a0000, 0x00000000d5550000)
  eden space 135680K, 100% used [0x00000000c0000000, 0x00000000c8480000, 0x00000000c8480000)
  from space 16960K,  65% used [0x00000000c8480000, 0x00000000c8f5fbb0, 0x00000000c9510000)
  to   space 16960K,   0% used [0x00000000c9510000, 0x00000000c9510000, 0x00000000ca5a0000)
 tenured generation   total 339132K, used 277790K [0x00000000d5550000, 0x00000000ea07f000, 0x0000000100000000)
   the space 339132K,  81% used [0x00000000d5550000, 0x00000000e6497930, 0x00000000e6497a00, 0x00000000ea07f000)
 Metaspace       used 43372K, capacity 43836K, committed 43992K, reserved 1087488K
  class space    used 6180K, capacity 6304K, committed 6400K, reserved 1048576K
Event: 47.479 GC heap after
Heap after GC invocations=85 (full 6):
 def new generation   total 152640K, used 11036K [0x00000000c0000000, 0x00000000ca5a0000, 0x00000000d5550000)
  eden space 135680K,   0% used [0x00000000c0000000, 0x00000000c0000000, 0x00000000c8480000)
  from space 16960K,  65% used [0x00000000c9510000, 0x00000000c9fd71c8, 0x00000000ca5a0000)
  to   space 16960K,   0% used [0x00000000c8480000, 0x00000000c8480000, 0x00000000c9510000)
 tenured generation   total 339132K, used 283628K [0x00000000d5550000, 0x00000000ea07f000, 0x0000000100000000)
   the space 339132K,  83% used [0x00000000d5550000, 0x00000000e6a4b3f8, 0x00000000e6a4b400, 0x00000000ea07f000)
 Metaspace       used 43372K, capacity 43836K, committed 43992K, reserved 1087488K
  class space    used 6180K, capacity 6304K, committed 6400K, reserved 1048576K
}
Event: 48.507 GC heap before
{Heap before GC invocations=85 (full 6):
 def new generation   total 152640K, used 146716K [0x00000000c0000000, 0x00000000ca5a0000, 0x00000000d5550000)
  eden space 135680K, 100% used [0x00000000c0000000, 0x00000000c8480000, 0x00000000c8480000)
  from space 16960K,  65% used [0x00000000c9510000, 0x00000000c9fd71c8, 0x00000000ca5a0000)
  to   space 16960K,   0% used [0x00000000c8480000, 0x00000000c8480000, 0x00000000c9510000)
 tenured generation   total 339132K, used 283628K [0x00000000d5550000, 0x00000000ea07f000, 0x0000000100000000)
   the space 339132K,  83% used [0x00000000d5550000, 0x00000000e6a4b3f8, 0x00000000e6a4b400, 0x00000000ea07f000)
 Metaspace       used 43372K, capacity 43836K, committed 43992K, reserved 1087488K
  class space    used 6180K, capacity 6304K, committed 6400K, reserved 1048576K
Event: 48.918 GC heap after
Heap after GC invocations=86 (full 6):
 def new generation   total 152640K, used 11317K [0x00000000c0000000, 0x00000000ca5a0000, 0x00000000d5550000)
  eden space 135680K,   0% used [0x00000000c0000000, 0x00000000c0000000, 0x00000000c8480000)
  from space 16960K,  66% used [0x00000000c8480000, 0x00000000c8f8d758, 0x00000000c9510000)
  to   space 16960K,   0% used [0x00000000c9510000, 0x00000000c9510000, 0x00000000ca5a0000)
 tenured generation   total 339132K, used 288846K [0x00000000d5550000, 0x00000000ea07f000, 0x0000000100000000)
   the space 339132K,  85% used [0x00000000d5550000, 0x00000000e6f63b48, 0x00000000e6f63c00, 0x00000000ea07f000)
 Metaspace       used 43372K, capacity 43836K, committed 43992K, reserved 1087488K
  class space    used 6180K, capacity 6304K, committed 6400K, reserved 1048576K
}
Event: 49.713 GC heap before
{Heap before GC invocations=86 (full 6):
 def new generation   total 152640K, used 146997K [0x00000000c0000000, 0x00000000ca5a0000, 0x00000000d5550000)
  eden space 135680K, 100% used [0x00000000c0000000, 0x00000000c8480000, 0x00000000c8480000)
  from space 16960K,  66% used [0x00000000c8480000, 0x00000000c8f8d758, 0x00000000c9510000)
  to   space 16960K,   0% used [0x00000000c9510000, 0x00000000c9510000, 0x00000000ca5a0000)
 tenured generation   total 339132K, used 288846K [0x00000000d5550000, 0x00000000ea07f000, 0x0000000100000000)
   the space 339132K,  85% used [0x00000000d5550000, 0x00000000e6f63b48, 0x00000000e6f63c00, 0x00000000ea07f000)
 Metaspace       used 43372K, capacity 43836K, committed 43992K, reserved 1087488K
  class space    used 6180K, capacity 6304K, committed 6400K, reserved 1048576K
Event: 50.130 GC heap after
Heap after GC invocations=87 (full 6):
 def new generation   total 152640K, used 11137K [0x00000000c0000000, 0x00000000ca5a0000, 0x00000000d5550000)
  eden space 135680K,   0% used [0x00000000c0000000, 0x00000000c0000000, 0x00000000c8480000)
  from space 16960K,  65% used [0x00000000c9510000, 0x00000000c9ff06f0, 0x00000000ca5a0000)
  to   space 16960K,   0% used [0x00000000c8480000, 0x00000000c8480000, 0x00000000c9510000)
 tenured generation   total 339132K, used 294584K [0x00000000d5550000, 0x00000000ea07f000, 0x0000000100000000)
   the space 339132K,  86% used [0x00000000d5550000, 0x00000000e74fe2c8, 0x00000000e74fe400, 0x00000000ea07f000)
 Metaspace       used 43372K, capacity 43836K, committed 43992K, reserved 1087488K
  class space    used 6180K, capacity 6304K, committed 6400K, reserved 1048576K
}
Event: 51.172 GC heap before
{Heap before GC invocations=87 (full 6):
 def new generation   total 152640K, used 146817K [0x00000000c0000000, 0x00000000ca5a0000, 0x00000000d5550000)
  eden space 135680K, 100% used [0x00000000c0000000, 0x00000000c8480000, 0x00000000c8480000)
  from space 16960K,  65% used [0x00000000c9510000, 0x00000000c9ff06f0, 0x00000000ca5a0000)
  to   space 16960K,   0% used [0x00000000c8480000, 0x00000000c8480000, 0x00000000c9510000)
 tenured generation   total 339132K, used 294584K [0x00000000d5550000, 0x00000000ea07f000, 0x0000000100000000)
   the space 339132K,  86% used [0x00000000d5550000, 0x00000000e74fe2c8, 0x00000000e74fe400, 0x00000000ea07f000)
 Metaspace       used 43376K, capacity 43836K, committed 43992K, reserved 1087488K
  class space    used 6180K, capacity 6304K, committed 6400K, reserved 1048576K
Event: 51.869 GC heap after
Heap after GC invocations=88 (full 6):
 def new generation   total 152640K, used 16959K [0x00000000c0000000, 0x00000000ca5a0000, 0x00000000d5550000)
  eden space 135680K,   0% used [0x00000000c0000000, 0x00000000c0000000, 0x00000000c8480000)
  from space 16960K,  99% used [0x00000000c8480000, 0x00000000c950fff8, 0x00000000c9510000)
  to   space 16960K,   0% used [0x00000000c9510000, 0x00000000c9510000, 0x00000000ca5a0000)
 tenured generation   total 339132K, used 310526K [0x00000000d5550000, 0x00000000ea07f000, 0x0000000100000000)
   the space 339132K,  91% used [0x00000000d5550000, 0x00000000e848fb88, 0x00000000e848fc00, 0x00000000ea07f000)
 Metaspace       used 43376K, capacity 43836K, committed 43992K, reserved 1087488K
  class space    used 6180K, capacity 6304K, committed 6400K, reserved 1048576K
}
Event: 53.174 GC heap before
{Heap before GC invocations=88 (full 6):
 def new generation   total 152640K, used 152639K [0x00000000c0000000, 0x00000000ca5a0000, 0x00000000d5550000)
  eden space 135680K, 100% used [0x00000000c0000000, 0x00000000c8480000, 0x00000000c8480000)
  from space 16960K,  99% used [0x00000000c8480000, 0x00000000c950fff8, 0x00000000c9510000)
  to   space 16960K,   0% used [0x00000000c9510000, 0x00000000c9510000, 0x00000000ca5a0000)
 tenured generation   total 339132K, used 310526K [0x00000000d5550000, 0x00000000ea07f000, 0x0000000100000000)
   the space 339132K,  91% used [0x00000000d5550000, 0x00000000e848fb88, 0x00000000e848fc00, 0x00000000ea07f000)
 Metaspace       used 43376K, capacity 43836K, committed 43992K, reserved 1087488K
  class space    used 6180K, capacity 6304K, committed 6400K, reserved 1048576K

Deoptimization events (10 events):
Event: 11.857 Thread 0x00007f4ba9530000 Uncommon trap: reason=class_check action=maybe_recompile pc=0x00007f4b993a4b10 method=java.util.concurrent.ConcurrentHashMap.putVal(Ljava/lang/Object;Ljava/lang/Object;Z)Ljava/lang/Object; @ 192
Event: 11.866 Thread 0x00007f4ba9530000 Uncommon trap: reason=class_check action=maybe_recompile pc=0x00007f4b993a4b10 method=java.util.concurrent.ConcurrentHashMap.putVal(Ljava/lang/Object;Ljava/lang/Object;Z)Ljava/lang/Object; @ 192
Event: 12.336 Thread 0x00007f4b90023800 Uncommon trap: reason=bimorphic action=maybe_recompile pc=0x00007f4b99411a08 method=java.lang.ClassLoader.loadClass(Ljava/lang/String;Z)Ljava/lang/Class; @ 38
Event: 12.344 Thread 0x00007f4b90023800 Uncommon trap: reason=bimorphic action=maybe_recompile pc=0x00007f4b99411a08 method=java.lang.ClassLoader.loadClass(Ljava/lang/String;Z)Ljava/lang/Class; @ 38
Event: 12.348 Thread 0x00007f4b90023800 Uncommon trap: reason=bimorphic action=maybe_recompile pc=0x00007f4b99411a08 method=java.lang.ClassLoader.loadClass(Ljava/lang/String;Z)Ljava/lang/Class; @ 38
Event: 12.384 Thread 0x00007f4b90023800 Uncommon trap: reason=bimorphic action=maybe_recompile pc=0x00007f4b99411a08 method=java.lang.ClassLoader.loadClass(Ljava/lang/String;Z)Ljava/lang/Class; @ 38
Event: 13.375 Thread 0x00007f4b90028000 Uncommon trap: reason=unstable_if action=reinterpret pc=0x00007f4b992287ec method=java.io.UnixFileSystem.getBooleanAttributes(Ljava/io/File;)I @ 25
Event: 13.376 Thread 0x00007f4b90025000 Uncommon trap: reason=unstable_if action=reinterpret pc=0x00007f4b995a9c5c method=java.io.UnixFileSystem.getBooleanAttributes(Ljava/io/File;)I @ 25
Event: 16.350 Thread 0x00007f4b90022000 Uncommon trap: reason=predicate action=maybe_recompile pc=0x00007f4b99767704 method=java.util.AbstractCollection.toArray([Ljava/lang/Object;)[Ljava/lang/Object; @ 49
Event: 26.142 Thread 0x00007f4b90022000 Uncommon trap: reason=unstable_if action=reinterpret pc=0x00007f4b997e5070 method=org.apache.spark.util.collection.Spillable.maybeSpill(Ljava/lang/Object;J)Z @ 22

Classes redefined (0 events):
No events

Internal exceptions (10 events):
Event: 11.929 Thread 0x00007f4ba9530000 Exception <a 'java/lang/NoSuchMethodError': <clinit>> (0x00000000c09efd18) thrown at [/build/openjdk-8-rxFzfV/openjdk-8-8u191-b12/src/hotspot/src/share/vm/prims/jni.cpp, line 1613]
Event: 11.944 Thread 0x00007f4ba9530000 Exception <a 'java/lang/NoSuchMethodError': <clinit>> (0x00000000c0a186d0) thrown at [/build/openjdk-8-rxFzfV/openjdk-8-8u191-b12/src/hotspot/src/share/vm/prims/jni.cpp, line 1613]
Event: 11.949 Thread 0x00007f4ba9530000 Exception <a 'java/lang/NoSuchMethodError': <clinit>> (0x00000000c0a219d0) thrown at [/build/openjdk-8-rxFzfV/openjdk-8-8u191-b12/src/hotspot/src/share/vm/prims/jni.cpp, line 1613]
Event: 11.966 Thread 0x00007f4ba9530000 Exception <a 'java/lang/NoSuchMethodError': <clinit>> (0x00000000c0a30de0) thrown at [/build/openjdk-8-rxFzfV/openjdk-8-8u191-b12/src/hotspot/src/share/vm/prims/jni.cpp, line 1613]
Event: 11.967 Thread 0x00007f4ba9530000 Exception <a 'java/lang/NoSuchMethodError': <clinit>> (0x00000000c0a41ec0) thrown at [/build/openjdk-8-rxFzfV/openjdk-8-8u191-b12/src/hotspot/src/share/vm/prims/jni.cpp, line 1613]
Event: 12.142 Thread 0x00007f4ba929f800 Exception <a 'java/lang/NoSuchMethodError': <clinit>> (0x00000000c0ef5050) thrown at [/build/openjdk-8-rxFzfV/openjdk-8-8u191-b12/src/hotspot/src/share/vm/prims/jni.cpp, line 1613]
Event: 12.147 Thread 0x00007f4ba929f800 Exception <a 'java/lang/NoSuchMethodError': <clinit>> (0x00000000c0f03448) thrown at [/build/openjdk-8-rxFzfV/openjdk-8-8u191-b12/src/hotspot/src/share/vm/prims/jni.cpp, line 1613]
Event: 12.150 Thread 0x00007f4ba929f800 Exception <a 'java/lang/NoSuchMethodError': <clinit>> (0x00000000c0f28198) thrown at [/build/openjdk-8-rxFzfV/openjdk-8-8u191-b12/src/hotspot/src/share/vm/prims/jni.cpp, line 1613]
Event: 12.152 Thread 0x00007f4ba929f800 Exception <a 'java/lang/NoSuchMethodError': <clinit>> (0x00000000c0f305f0) thrown at [/build/openjdk-8-rxFzfV/openjdk-8-8u191-b12/src/hotspot/src/share/vm/prims/jni.cpp, line 1613]
Event: 13.031 Thread 0x00007f4b90023800 Exception <a 'sun/nio/fs/UnixException'> (0x00000000c0077628) thrown at [/build/openjdk-8-rxFzfV/openjdk-8-8u191-b12/src/hotspot/src/share/vm/prims/jni.cpp, line 709]

Events (10 events):
Event: 43.259 Executing VM operation: GenCollectForAllocation done
Event: 45.869 Executing VM operation: GenCollectForAllocation
Event: 47.493 Executing VM operation: GenCollectForAllocation done
Event: 48.500 Executing VM operation: GenCollectForAllocation
Event: 48.919 Executing VM operation: GenCollectForAllocation done
Event: 49.700 Executing VM operation: GenCollectForAllocation
Event: 50.137 Executing VM operation: GenCollectForAllocation done
Event: 51.074 Executing VM operation: GenCollectForAllocation
Event: 51.897 Executing VM operation: GenCollectForAllocation done
Event: 53.168 Executing VM operation: GenCollectForAllocation


Dynamic libraries:
c0000000-ca5a0000 rw-p 00000000 00:00 0 
ca5a0000-d5550000 ---p 00000000 00:00 0 
d5550000-ec081000 rw-p 00000000 00:00 0 
f8d21000-100000000 ---p 00000000 00:00 0 
100000000-100640000 rw-p 00000000 00:00 0 
100640000-140000000 ---p 00000000 00:00 0 
55922a1f6000-55922a1f7000 r-xp 00000000 08:01 525419                     /usr/lib/jvm/java-8-openjdk-amd64/jre/bin/java
55922a3f6000-55922a3f7000 r--p 00000000 08:01 525419                     /usr/lib/jvm/java-8-openjdk-amd64/jre/bin/java
55922a3f7000-55922a3f8000 rw-p 00001000 08:01 525419                     /usr/lib/jvm/java-8-openjdk-amd64/jre/bin/java
55922b995000-55922b9d7000 rw-p 00000000 00:00 0                          [heap]
7f4b7477c000-7f4b7483c000 rw-p 00000000 00:00 0 
7f4b7483c000-7f4b7497f000 ---p 00000000 00:00 0 
7f4b7497f000-7f4b75a7e000 rw-p 00000000 00:00 0 
7f4b75a7e000-7f4b75a81000 ---p 00000000 00:00 0 
7f4b75a81000-7f4b76b80000 rw-p 00000000 00:00 0 
7f4b76b80000-7f4b76b83000 ---p 00000000 00:00 0 
7f4b76b83000-7f4b76c81000 rw-p 00000000 00:00 0 
7f4b76c81000-7f4b76c84000 ---p 00000000 00:00 0 
7f4b76c84000-7f4b76d82000 rw-p 00000000 00:00 0 
7f4b76d82000-7f4b76d85000 ---p 00000000 00:00 0 
7f4b76d85000-7f4b76e83000 rw-p 00000000 00:00 0 
7f4b76e83000-7f4b76e86000 ---p 00000000 00:00 0 
7f4b76e86000-7f4b77184000 rw-p 00000000 00:00 0 
7f4b77184000-7f4b77384000 rw-p 00000000 00:00 0 
7f4b77384000-7f4b77387000 ---p 00000000 00:00 0 
7f4b77387000-7f4b77685000 rw-p 00000000 00:00 0 
7f4b77685000-7f4b77692000 r-xp 00000000 08:01 924866                     /tmp/liblz4-java1064735142245589796.so
7f4b77692000-7f4b77891000 ---p 0000d000 08:01 924866                     /tmp/liblz4-java1064735142245589796.so
7f4b77891000-7f4b77892000 rw-p 0000c000 08:01 924866                     /tmp/liblz4-java1064735142245589796.so
7f4b77892000-7f4b77a92000 rw-p 00000000 00:00 0 
7f4b77b01000-7f4b77b04000 ---p 00000000 00:00 0 
7f4b77b04000-7f4b77df8000 rw-p 00000000 00:00 0 
7f4b77df8000-7f4b77e02000 ---p 00000000 00:00 0 
7f4b77e02000-7f4b77e05000 ---p 00000000 00:00 0 
7f4b77e05000-7f4b77f03000 rw-p 00000000 00:00 0 
7f4b77f03000-7f4b77f06000 ---p 00000000 00:00 0 
7f4b77f06000-7f4b78004000 rw-p 00000000 00:00 0 
7f4b78004000-7f4b78007000 ---p 00000000 00:00 0 
7f4b78007000-7f4b78105000 rw-p 00000000 00:00 0 
7f4b7814d000-7f4b78150000 ---p 00000000 00:00 0 
7f4b78150000-7f4b7824e000 rw-p 00000000 00:00 0 
7f4b7824e000-7f4b78251000 ---p 00000000 00:00 0 
7f4b78251000-7f4b7854f000 rw-p 00000000 00:00 0 
7f4b7854f000-7f4b78552000 ---p 00000000 00:00 0 
7f4b78552000-7f4b78650000 rw-p 00000000 00:00 0 
7f4b78650000-7f4b78653000 ---p 00000000 00:00 0 
7f4b78653000-7f4b78751000 rw-p 00000000 00:00 0 
7f4b78751000-7f4b78754000 ---p 00000000 00:00 0 
7f4b78754000-7f4b78a52000 rw-p 00000000 00:00 0 
7f4b78a52000-7f4b78a55000 ---p 00000000 00:00 0 
7f4b78a55000-7f4b78b53000 rw-p 00000000 00:00 0 
7f4b78b53000-7f4b78b56000 ---p 00000000 00:00 0 
7f4b78b56000-7f4b78c54000 rw-p 00000000 00:00 0 
7f4b78c54000-7f4b78c57000 ---p 00000000 00:00 0 
7f4b78c57000-7f4b78d55000 rw-p 00000000 00:00 0 
7f4b78d55000-7f4b78d58000 ---p 00000000 00:00 0 
7f4b78d58000-7f4b78e56000 rw-p 00000000 00:00 0 
7f4b78e56000-7f4b78e59000 ---p 00000000 00:00 0 
7f4b78e59000-7f4b78f57000 rw-p 00000000 00:00 0 
7f4b78f57000-7f4b78f5a000 ---p 00000000 00:00 0 
7f4b78f5a000-7f4b79058000 rw-p 00000000 00:00 0 
7f4b79058000-7f4b7905b000 ---p 00000000 00:00 0 
7f4b7905b000-7f4b79159000 rw-p 00000000 00:00 0 
7f4b79159000-7f4b7915c000 ---p 00000000 00:00 0 
7f4b7915c000-7f4b7925a000 rw-p 00000000 00:00 0 
7f4b7925a000-7f4b7925d000 ---p 00000000 00:00 0 
7f4b7925d000-7f4b7935b000 rw-p 00000000 00:00 0 
7f4b7935b000-7f4b7935e000 ---p 00000000 00:00 0 
7f4b7935e000-7f4b7945c000 rw-p 00000000 00:00 0 
7f4b7945c000-7f4b7945f000 ---p 00000000 00:00 0 
7f4b7945f000-7f4b7975d000 rw-p 00000000 00:00 0 
7f4b7975d000-7f4b79760000 ---p 00000000 00:00 0 
7f4b79760000-7f4b7985e000 rw-p 00000000 00:00 0 
7f4b7985e000-7f4b79861000 ---p 00000000 00:00 0 
7f4b79861000-7f4b7995f000 rw-p 00000000 00:00 0 
7f4b7995f000-7f4b79962000 ---p 00000000 00:00 0 
7f4b79962000-7f4b79a60000 rw-p 00000000 00:00 0 
7f4b79a60000-7f4b79a63000 ---p 00000000 00:00 0 
7f4b79a63000-7f4b79b61000 rw-p 00000000 00:00 0 
7f4b79b61000-7f4b79b64000 ---p 00000000 00:00 0 
7f4b79b64000-7f4b79c62000 rw-p 00000000 00:00 0 
7f4b79c62000-7f4b79c65000 ---p 00000000 00:00 0 
7f4b79c65000-7f4b79d63000 rw-p 00000000 00:00 0 
7f4b79d63000-7f4b79d66000 ---p 00000000 00:00 0 
7f4b79d66000-7f4b79e64000 rw-p 00000000 00:00 0 
7f4b79e64000-7f4b79e67000 ---p 00000000 00:00 0 
7f4b79e67000-7f4b79f65000 rw-p 00000000 00:00 0 
7f4b79f65000-7f4b79f68000 ---p 00000000 00:00 0 
7f4b79f68000-7f4b7a066000 rw-p 00000000 00:00 0 
7f4b7a066000-7f4b7a069000 ---p 00000000 00:00 0 
7f4b7a069000-7f4b7a367000 rw-p 00000000 00:00 0 
7f4b7a367000-7f4b7a379000 r-xp 00000000 08:01 527431                     /usr/lib/jvm/java-8-openjdk-amd64/jre/lib/amd64/libnio.so
7f4b7a379000-7f4b7a578000 ---p 00012000 08:01 527431                     /usr/lib/jvm/java-8-openjdk-amd64/jre/lib/amd64/libnio.so
7f4b7a578000-7f4b7a579000 r--p 00011000 08:01 527431                     /usr/lib/jvm/java-8-openjdk-amd64/jre/lib/amd64/libnio.so
7f4b7a579000-7f4b7a57a000 rw-p 00012000 08:01 527431                     /usr/lib/jvm/java-8-openjdk-amd64/jre/lib/amd64/libnio.so
7f4b7a57a000-7f4b7a77a000 rw-p 00000000 00:00 0 
7f4b7a77a000-7f4b7a77d000 ---p 00000000 00:00 0 
7f4b7a77d000-7f4b7a87b000 rw-p 00000000 00:00 0 
7f4b7a87b000-7f4b7a87e000 ---p 00000000 00:00 0 
7f4b7a87e000-7f4b7a97c000 rw-p 00000000 00:00 0 
7f4b7a97c000-7f4b7a97f000 ---p 00000000 00:00 0 
7f4b7a97f000-7f4b7ac7d000 rw-p 00000000 00:00 0 
7f4b7ac7d000-7f4b7ac7e000 r-xp 00000000 08:01 526952                     /usr/lib/jvm/java-8-openjdk-amd64/jre/lib/amd64/libjaas_unix.so
7f4b7ac7e000-7f4b7ae7d000 ---p 00001000 08:01 526952                     /usr/lib/jvm/java-8-openjdk-amd64/jre/lib/amd64/libjaas_unix.so
7f4b7ae7d000-7f4b7ae7e000 r--p 00000000 08:01 526952                     /usr/lib/jvm/java-8-openjdk-amd64/jre/lib/amd64/libjaas_unix.so
7f4b7ae7e000-7f4b7ae7f000 rw-p 00001000 08:01 526952                     /usr/lib/jvm/java-8-openjdk-amd64/jre/lib/amd64/libjaas_unix.so
7f4b7ae7f000-7f4b7ae82000 ---p 00000000 00:00 0 
7f4b7ae82000-7f4b7af80000 rw-p 00000000 00:00 0 
7f4b7af80000-7f4b7af83000 ---p 00000000 00:00 0 
7f4b7af83000-7f4b7b1b9000 rw-p 00000000 00:00 0 
7f4b7b1b9000-7f4b7b1c2000 r-xp 00000000 08:01 527030                     /usr/lib/jvm/java-8-openjdk-amd64/jre/lib/amd64/libmanagement.so
7f4b7b1c2000-7f4b7b3c1000 ---p 00009000 08:01 527030                     /usr/lib/jvm/java-8-openjdk-amd64/jre/lib/amd64/libmanagement.so
7f4b7b3c1000-7f4b7b3c2000 r--p 00008000 08:01 527030                     /usr/lib/jvm/java-8-openjdk-amd64/jre/lib/amd64/libmanagement.so
7f4b7b3c2000-7f4b7b3c3000 rw-p 00009000 08:01 527030                     /usr/lib/jvm/java-8-openjdk-amd64/jre/lib/amd64/libmanagement.so
7f4b7b3c3000-7f4b7b5c3000 rw-p 00000000 00:00 0 
7f4b7b5c3000-7f4b7b5da000 r-xp 00000000 08:01 661149                     /lib/x86_64-linux-gnu/libresolv-2.27.so
7f4b7b5da000-7f4b7b7da000 ---p 00017000 08:01 661149                     /lib/x86_64-linux-gnu/libresolv-2.27.so
7f4b7b7da000-7f4b7b7db000 r--p 00017000 08:01 661149                     /lib/x86_64-linux-gnu/libresolv-2.27.so
7f4b7b7db000-7f4b7b7dc000 rw-p 00018000 08:01 661149                     /lib/x86_64-linux-gnu/libresolv-2.27.so
7f4b7b7dc000-7f4b7b7de000 rw-p 00000000 00:00 0 
7f4b7b7de000-7f4b7b7e3000 r-xp 00000000 08:01 661098                     /lib/x86_64-linux-gnu/libnss_dns-2.27.so
7f4b7b7e3000-7f4b7b9e3000 ---p 00005000 08:01 661098                     /lib/x86_64-linux-gnu/libnss_dns-2.27.so
7f4b7b9e3000-7f4b7b9e4000 r--p 00005000 08:01 661098                     /lib/x86_64-linux-gnu/libnss_dns-2.27.so
7f4b7b9e4000-7f4b7b9e5000 rw-p 00006000 08:01 661098                     /lib/x86_64-linux-gnu/libnss_dns-2.27.so
7f4b7b9e5000-7f4b7b9e7000 r-xp 00000000 08:01 661106                     /lib/x86_64-linux-gnu/libnss_mdns4_minimal.so.2
7f4b7b9e7000-7f4b7bbe6000 ---p 00002000 08:01 661106                     /lib/x86_64-linux-gnu/libnss_mdns4_minimal.so.2
7f4b7bbe6000-7f4b7bbe7000 r--p 00001000 08:01 661106                     /lib/x86_64-linux-gnu/libnss_mdns4_minimal.so.2
7f4b7bbe7000-7f4b7bbe8000 rw-p 00002000 08:01 661106                     /lib/x86_64-linux-gnu/libnss_mdns4_minimal.so.2
7f4b7bbe8000-7f4b7bbff000 r-xp 00000000 08:01 527398                     /usr/lib/jvm/java-8-openjdk-amd64/jre/lib/amd64/libnet.so
7f4b7bbff000-7f4b7bdfe000 ---p 00017000 08:01 527398                     /usr/lib/jvm/java-8-openjdk-amd64/jre/lib/amd64/libnet.so
7f4b7bdfe000-7f4b7bdff000 r--p 00016000 08:01 527398                     /usr/lib/jvm/java-8-openjdk-amd64/jre/lib/amd64/libnet.so
7f4b7bdff000-7f4b7be00000 rw-p 00017000 08:01 527398                     /usr/lib/jvm/java-8-openjdk-amd64/jre/lib/amd64/libnet.so
7f4b7be00000-7f4b7c000000 rw-p 00000000 00:00 0 
7f4b7c000000-7f4b7c9de000 rw-p 00000000 00:00 0 
7f4b7c9de000-7f4b80000000 ---p 00000000 00:00 0 
7f4b80000000-7f4b801e8000 rw-p 00000000 00:00 0 
7f4b801e8000-7f4b84000000 ---p 00000000 00:00 0 
7f4b84000000-7f4b8402b000 rw-p 00000000 00:00 0 
7f4b8402b000-7f4b88000000 ---p 00000000 00:00 0 
7f4b88000000-7f4b89ab6000 rw-p 00000000 00:00 0 
7f4b89ab6000-7f4b8c000000 ---p 00000000 00:00 0 
7f4b8c000000-7f4b8c05e000 rw-p 00000000 00:00 0 
7f4b8c05e000-7f4b90000000 ---p 00000000 00:00 0 
7f4b90000000-7f4b90058000 rw-p 00000000 00:00 0 
7f4b90058000-7f4b94000000 ---p 00000000 00:00 0 
7f4b94000000-7f4b9419b000 rw-p 00000000 00:00 0 
7f4b9419b000-7f4b98000000 ---p 00000000 00:00 0 
7f4b9802a000-7f4b9802b000 r--s 00001000 08:01 1191306                    /tmp/spark-f44a9dea-003f-42b7-80e2-f0542e72c342/userFiles-b4395525-2553-4690-8f4f-fe1776827f52/spark-demo.jar
7f4b9802b000-7f4b9802c000 r--s 00001000 08:01 394117                     /home/rachna/cs6240/Assignment1/Spark/Spark-Demo/spark-demo.jar
7f4b9802c000-7f4b98031000 r--s 000a0000 08:01 528196                     /usr/lib/jvm/java-8-openjdk-amd64/jre/lib/jsse.jar
7f4b98031000-7f4b98033000 r--s 00007000 08:01 1589155                    /usr/local/spark-2.3.2-bin-hadoop2.7/jars/zjsonpatch-0.3.0.jar
7f4b98033000-7f4b98034000 r--s 00003000 08:01 1589803                    /usr/local/spark-2.3.2-bin-hadoop2.7/jars/metrics-json-3.1.5.jar
7f4b98034000-7f4b9803c000 r--s 00066000 08:01 1588572                    /usr/local/spark-2.3.2-bin-hadoop2.7/jars/apache-log4j-extras-1.2.17.jar
7f4b9803c000-7f4b98040000 r--s 0002a000 08:01 1589805                    /usr/local/spark-2.3.2-bin-hadoop2.7/jars/commons-io-2.4.jar
7f4b98040000-7f4b98044000 r--s 00028000 08:01 1588426                    /usr/local/spark-2.3.2-bin-hadoop2.7/jars/jetty-util-6.1.26.jar
7f4b98044000-7f4b98046000 r--s 0000b000 08:01 1589594                    /usr/local/spark-2.3.2-bin-hadoop2.7/jars/spark-kvstore_2.11-2.3.2.jar
7f4b98046000-7f4b9804a000 r--s 00025000 08:01 1588991                    /usr/local/spark-2.3.2-bin-hadoop2.7/jars/antlr-runtime-3.4.jar
7f4b9804a000-7f4b9804c000 r--s 00015000 08:01 1588451                    /usr/local/spark-2.3.2-bin-hadoop2.7/jars/hadoop-auth-2.7.3.jar
7f4b9804c000-7f4b980b7000 r--s 00784000 08:01 1589830                    /usr/local/spark-2.3.2-bin-hadoop2.7/jars/hadoop-hdfs-2.7.3.jar
7f4b980b7000-7f4b980b9000 r--s 00238000 08:01 1588791                    /usr/local/spark-2.3.2-bin-hadoop2.7/jars/zstd-jni-1.3.2-2.jar
7f4b980b9000-7f4b980ba000 r--s 00003000 08:01 1589639                    /usr/local/spark-2.3.2-bin-hadoop2.7/jars/jta-1.1.jar
7f4b980ba000-7f4b980be000 r--s 00031000 08:01 1589688                    /usr/local/spark-2.3.2-bin-hadoop2.7/jars/jline-2.12.1.jar
7f4b980be000-7f4b980c7000 r--s 0006f000 08:01 1589493                    /usr/local/spark-2.3.2-bin-hadoop2.7/jars/log4j-1.2.17.jar
7f4b980c7000-7f4b980d8000 r--s 0010c000 08:01 1589994                    /usr/local/spark-2.3.2-bin-hadoop2.7/jars/jackson-databind-2.6.7.1.jar
7f4b980d8000-7f4b980de000 r--s 00045000 08:01 1588707                    /usr/local/spark-2.3.2-bin-hadoop2.7/jars/commons-httpclient-3.1.jar
7f4b980de000-7f4b980e0000 r--s 0000d000 08:01 1588559                    /usr/local/spark-2.3.2-bin-hadoop2.7/jars/hadoop-yarn-server-web-proxy-2.7.3.jar
7f4b980e0000-7f4b980f8000 r--s 001b6000 08:01 1588560                    /usr/local/spark-2.3.2-bin-hadoop2.7/jars/datanucleus-core-3.2.10.jar
7f4b980f8000-7f4b98121000 r--s 001ee000 08:01 1588677                    /usr/local/spark-2.3.2-bin-hadoop2.7/jars/guava-14.0.1.jar
7f4b98121000-7f4b98150000 r--s 001e3000 08:01 1588776                    /usr/local/spark-2.3.2-bin-hadoop2.7/jars/spark-streaming_2.11-2.3.2.jar
7f4b98150000-7f4b98152000 r--s 0000d000 08:01 1588708                    /usr/local/spark-2.3.2-bin-hadoop2.7/jars/chill-java-0.8.4.jar
7f4b98152000-7f4b9816b000 r--s 00164000 08:01 1589072                    /usr/local/spark-2.3.2-bin-hadoop2.7/jars/hadoop-mapreduce-client-core-2.7.3.jar
7f4b9816b000-7f4b9816e000 r--s 0000e000 08:01 1588557                    /usr/local/spark-2.3.2-bin-hadoop2.7/jars/jersey-container-servlet-core-2.22.2.jar
7f4b9816e000-7f4b98170000 r--s 0000a000 08:01 1589620                    /usr/local/spark-2.3.2-bin-hadoop2.7/jars/spark-unsafe_2.11-2.3.2.jar
7f4b98170000-7f4b9817a000 r--s 0005c000 08:01 1589683                    /usr/local/spark-2.3.2-bin-hadoop2.7/jars/kubernetes-client-3.0.0.jar
7f4b9817a000-7f4b9817e000 r--s 0002c000 08:01 1589990                    /usr/local/spark-2.3.2-bin-hadoop2.7/jars/avro-ipc-1.7.7.jar
7f4b9817e000-7f4b98181000 r--s 0000e000 08:01 1589996                    /usr/local/spark-2.3.2-bin-hadoop2.7/jars/spark-network-shuffle_2.11-2.3.2.jar
7f4b98181000-7f4b98184000 r--s 0002f000 08:01 1588625                    /usr/local/spark-2.3.2-bin-hadoop2.7/jars/RoaringBitmap-0.5.11.jar
7f4b98184000-7f4b98185000 r--s 00009000 08:01 1589747                    /usr/local/spark-2.3.2-bin-hadoop2.7/jars/hive-cli-1.2.1.spark2.jar
7f4b98185000-7f4b98189000 r--s 00036000 08:01 1589831                    /usr/local/spark-2.3.2-bin-hadoop2.7/jars/ST4-4.0.4.jar
7f4b98189000-7f4b9819a000 r--s 00089000 08:01 1589436                    /usr/local/spark-2.3.2-bin-hadoop2.7/jars/joda-time-2.9.3.jar
7f4b9819a000-7f4b981bb000 r--s 0019a000 08:01 1587391                    /usr/local/spark-2.3.2-bin-hadoop2.7/jars/spark-hive-thriftserver_2.11-2.3.2.jar
7f4b981bb000-7f4b981c0000 r--s 00027000 08:01 1589400                    /usr/local/spark-2.3.2-bin-hadoop2.7/jars/automaton-1.11-8.jar
7f4b981c0000-7f4b981c1000 r--s 00009000 08:01 1588706                    /usr/local/spark-2.3.2-bin-hadoop2.7/jars/json4s-jackson_2.11-3.2.11.jar
7f4b981c1000-7f4b981c6000 r--s 0002a000 08:01 1588633                    /usr/local/spark-2.3.2-bin-hadoop2.7/jars/gson-2.2.4.jar
7f4b981c6000-7f4b9820c000 r--s 00317000 08:01 1589988                    /usr/local/spark-2.3.2-bin-hadoop2.7/jars/shapeless_2.11-2.3.2.jar
7f4b9820c000-7f4b9820e000 r--s 00008000 08:01 1588452                    /usr/local/spark-2.3.2-bin-hadoop2.7/jars/commons-compiler-3.0.8.jar
7f4b9820e000-7f4b98212000 r--s 00030000 08:01 1588570                    /usr/local/spark-2.3.2-bin-hadoop2.7/jars/commons-net-2.2.jar
7f4b98212000-7f4b98214000 r--s 00100000 08:01 1590264                    /usr/local/spark-2.3.2-bin-hadoop2.7/jars/snappy-java-1.1.2.6.jar
7f4b98214000-7f4b98218000 r--s 00029000 08:01 1588675                    /usr/local/spark-2.3.2-bin-hadoop2.7/jars/spark-mllib-local_2.11-2.3.2.jar
7f4b98218000-7f4b9821a000 r--s 00009000 08:01 1589414                    /usr/local/spark-2.3.2-bin-hadoop2.7/jars/parquet-common-1.8.3.jar
7f4b9821a000-7f4b9821b000 r--s 00003000 08:01 1589029                    /usr/local/spark-2.3.2-bin-hadoop2.7/jars/xmlenc-0.52.jar
7f4b9821b000-7f4b98249000 r--s 00218000 08:01 1589157                    /usr/local/spark-2.3.2-bin-hadoop2.7/jars/spark-network-common_2.11-2.3.2.jar
7f4b98249000-7f4b98250000 r--s 0003f000 08:01 1588439                    /usr/local/spark-2.3.2-bin-hadoop2.7/jars/commons-codec-1.10.jar
7f4b98250000-7f4b98251000 r--s 00000000 08:01 1589573                    /usr/local/spark-2.3.2-bin-hadoop2.7/jars/javax.inject-1.jar
7f4b98251000-7f4b982fa000 r--s 00a4f000 08:01 1589556                    /usr/local/spark-2.3.2-bin-hadoop2.7/jars/hive-exec-1.2.1.spark2.jar
7f4b982fa000-7f4b98310000 r--s 000d3000 08:01 1588841                    /usr/local/spark-2.3.2-bin-hadoop2.7/jars/jersey-server-2.22.2.jar
7f4b98310000-7f4b98318000 r--s 00058000 08:01 1590028                    /usr/local/spark-2.3.2-bin-hadoop2.7/jars/parquet-format-2.3.1.jar
7f4b98318000-7f4b98359000 r--s 0035a000 08:01 1588450                    /usr/local/spark-2.3.2-bin-hadoop2.7/jars/netty-all-4.1.17.Final.jar
7f4b98359000-7f4b9835c000 r--s 00015000 08:01 1588473                    /usr/local/spark-2.3.2-bin-hadoop2.7/jars/javax.servlet-api-3.1.0.jar
7f4b9835c000-7f4b9835e000 r--s 00012000 08:01 1588423                    /usr/local/spark-2.3.2-bin-hadoop2.7/jars/api-util-1.0.0-M20.jar
7f4b9835e000-7f4b98375000 r--s 00183000 08:01 1588962                    /usr/local/spark-2.3.2-bin-hadoop2.7/jars/hadoop-yarn-common-2.7.3.jar
7f4b98375000-7f4b98379000 r--s 0001a000 08:01 1588569                    /usr/local/spark-2.3.2-bin-hadoop2.7/jars/hk2-utils-2.4.0-b34.jar
7f4b98379000-7f4b9837c000 r--s 00058000 08:01 1589532                    /usr/local/spark-2.3.2-bin-hadoop2.7/jars/lz4-java-1.4.0.jar
7f4b9837c000-7f4b98381000 r--s 00028000 08:01 1589991                    /usr/local/spark-2.3.2-bin-hadoop2.7/jars/avro-mapred-1.7.7-hadoop2.jar
7f4b98381000-7f4b98382000 r--s 00003000 08:01 1589440                    /usr/local/spark-2.3.2-bin-hadoop2.7/jars/generex-1.0.1.jar
7f4b98382000-7f4b98388000 r--s 0003c000 08:01 1590029                    /usr/local/spark-2.3.2-bin-hadoop2.7/jars/snakeyaml-1.15.jar
7f4b98388000-7f4b9838b000 r--s 00028000 08:01 1588431                    /usr/local/spark-2.3.2-bin-hadoop2.7/jars/stream-2.7.0.jar
7f4b9838b000-7f4b9838f000 r--s 00025000 08:01 1588692                    /usr/local/spark-2.3.2-bin-hadoop2.7/jars/jersey-client-2.22.2.jar
7f4b9838f000-7f4b983c3000 r--s 00277000 08:01 1588536                    /usr/local/spark-2.3.2-bin-hadoop2.7/jars/parquet-hadoop-bundle-1.6.0.jar
7f4b983c3000-7f4b983c4000 r--s 00006000 08:01 1589641                    /usr/local/spark-2.3.2-bin-hadoop2.7/jars/hadoop-client-2.7.3.jar
7f4b983c4000-7f4b983c8000 r--s 00035000 08:01 1588697                    /usr/local/spark-2.3.2-bin-hadoop2.7/jars/jackson-core-asl-1.9.13.jar
7f4b983c8000-7f4b983ca000 r--s 00003000 08:01 1587307                    /usr/local/spark-2.3.2-bin-hadoop2.7/jars/api-asn1-api-1.0.0-M20.jar
7f4b983ca000-7f4b983cb000 r--s 00007000 08:01 1588427                    /usr/local/spark-2.3.2-bin-hadoop2.7/jars/jackson-module-jaxb-annotations-2.6.7.jar
7f4b983cb000-7f4b983ce000 r--s 00006000 08:01 1588674                    /usr/local/spark-2.3.2-bin-hadoop2.7/jars/jsr305-1.3.9.jar
7f4b983ce000-7f4b983d4000 r--s 00034000 08:01 1589685                    /usr/local/spark-2.3.2-bin-hadoop2.7/jars/libthrift-0.9.3.jar
7f4b983d4000-7f4b983d6000 r--s 0000e000 08:01 1588637                    /usr/local/spark-2.3.2-bin-hadoop2.7/jars/oro-2.0.8.jar
7f4b983d6000-7f4b983d7000 r--s 00009000 08:01 1589402                    /usr/local/spark-2.3.2-bin-hadoop2.7/jars/slf4j-api-1.7.16.jar
7f4b983d7000-7f4b983de000 r--s 00051000 08:01 1587308                    /usr/local/spark-2.3.2-bin-hadoop2.7/jars/kryo-shaded-3.0.3.jar
7f4b983de000-7f4b983e0000 r--s 00017000 08:01 1590096                    /usr/local/spark-2.3.2-bin-hadoop2.7/jars/hive-jdbc-1.2.1.spark2.jar
7f4b983e0000-7f4b983e8000 r--s 00056000 08:01 1588428                    /usr/local/spark-2.3.2-bin-hadoop2.7/jars/univocity-parsers-2.5.9.jar
7f4b983e8000-7f4b983ea000 r--s 0000f000 08:01 1588599                    /usr/local/spark-2.3.2-bin-hadoop2.7/jars/curator-client-2.7.1.jar
7f4b983ea000-7f4b98402000 r--s 000d6000 08:01 1588418                    /usr/local/spark-2.3.2-bin-hadoop2.7/jars/jersey-guava-2.22.2.jar
7f4b98402000-7f4b98465000 r--s 004de000 08:01 1589995                    /usr/local/spark-2.3.2-bin-hadoop2.7/jars/hive-metastore-1.2.1.spark2.jar
7f4b98465000-7f4b98466000 r--s 00006000 08:01 1589207                    /usr/local/spark-2.3.2-bin-hadoop2.7/jars/jackson-xc-1.9.13.jar
7f4b98466000-7f4b98469000 r--s 00026000 08:01 1589589                    /usr/local/spark-2.3.2-bin-hadoop2.7/jars/hadoop-yarn-client-2.7.3.jar
7f4b98469000-7f4b9846b000 r--s 00007000 08:01 1590109                    /usr/local/spark-2.3.2-bin-hadoop2.7/jars/paranamer-2.8.jar
7f4b9846b000-7f4b98484000 r--s 0012c000 08:01 1589413                    /usr/local/spark-2.3.2-bin-hadoop2.7/jars/netty-3.9.9.Final.jar
7f4b98484000-7f4b984a1000 r--s 001d5000 08:01 1589547                    /usr/local/spark-2.3.2-bin-hadoop2.7/jars/hadoop-yarn-api-2.7.3.jar
7f4b984a1000-7f4b9850c000 r--s 0093d000 08:01 1588639                    /usr/local/spark-2.3.2-bin-hadoop2.7/jars/spire_2.11-0.13.0.jar
7f4b9850c000-7f4b9850e000 r--s 0000e000 08:01 1589804                    /usr/local/spark-2.3.2-bin-hadoop2.7/jars/guice-servlet-3.0.jar
7f4b9850e000-7f4b985b4000 r--s 0060b000 08:01 1587354                    /usr/local/spark-2.3.2-bin-hadoop2.7/jars/kubernetes-model-2.0.0.jar
7f4b985b4000-7f4b985b6000 r--s 00010000 08:01 1587313                    /usr/local/spark-2.3.2-bin-hadoop2.7/jars/hadoop-mapreduce-client-shuffle-2.7.3.jar
7f4b985b6000-7f4b985db000 rw-p 00000000 00:00 0 
7f4b985db000-7f4b986e7000 r--s 00dba000 08:01 1589454                    /usr/local/spark-2.3.2-bin-hadoop2.7/jars/scala-compiler-2.11.8.jar
7f4b986e7000-7f4b986ea000 r--s 00014000 08:01 1589031                    /usr/local/spark-2.3.2-bin-hadoop2.7/jars/super-csv-2.2.0.jar
7f4b986ea000-7f4b986f6000 r--s 000b6000 08:01 1589640                    /usr/local/spark-2.3.2-bin-hadoop2.7/jars/zookeeper-3.4.6.jar
7f4b986f6000-7f4b986f8000 r--s 00003000 08:01 1589401                    /usr/local/spark-2.3.2-bin-hadoop2.7/jars/java-xmlbuilder-1.1.jar
7f4b986f8000-7f4b986fa000 r--s 00000000 08:01 1589636                    /usr/local/spark-2.3.2-bin-hadoop2.7/jars/jul-to-slf4j-1.7.16.jar
7f4b986fa000-7f4b98703000 r--s 00046000 08:01 1589492                    /usr/local/spark-2.3.2-bin-hadoop2.7/jars/jackson-dataformat-yaml-2.6.7.jar
7f4b98703000-7f4b98705000 r--s 00020000 08:01 1588433                    /usr/local/spark-2.3.2-bin-hadoop2.7/jars/hive-beeline-1.2.1.spark2.jar
7f4b98705000-7f4b98707000 r--s 00009000 08:01 1588445                    /usr/local/spark-2.3.2-bin-hadoop2.7/jars/commons-cli-1.2.jar
7f4b98707000-7f4b98709000 r--s 00006000 08:01 1588600                    /usr/local/spark-2.3.2-bin-hadoop2.7/jars/spark-sketch_2.11-2.3.2.jar
7f4b98709000-7f4b98715000 r--s 000b7000 08:01 1589689                    /usr/local/spark-2.3.2-bin-hadoop2.7/jars/janino-3.0.8.jar
7f4b98715000-7f4b98717000 r--s 0001f000 08:01 1587319                    /usr/local/spark-2.3.2-bin-hadoop2.7/jars/commons-crypto-1.0.0.jar
7f4b98717000-7f4b9871a000 r--s 00015000 08:01 1588442                    /usr/local/spark-2.3.2-bin-hadoop2.7/jars/pyrolite-4.13.jar
7f4b9871a000-7f4b9871c000 r--s 00005000 08:01 1589533                    /usr/local/spark-2.3.2-bin-hadoop2.7/jars/javax.annotation-api-1.2.jar
7f4b9871c000-7f4b9871f000 r--s 00016000 08:01 1587360                    /usr/local/spark-2.3.2-bin-hadoop2.7/jars/jsp-api-2.1.jar
7f4b9871f000-7f4b9872f000 r--s 00127000 08:01 1589069                    /usr/local/spark-2.3.2-bin-hadoop2.7/jars/arrow-vector-0.8.0.jar
7f4b9872f000-7f4b98730000 r--s 00008000 08:01 1589028                    /usr/local/spark-2.3.2-bin-hadoop2.7/jars/machinist_2.11-0.6.1.jar
7f4b98730000-7f4b98738000 r--s 00059000 08:01 1589068                    /usr/local/spark-2.3.2-bin-hadoop2.7/jars/javolution-5.5.1.jar
7f4b98738000-7f4b9874c000 r--s 000ec000 08:01 1589597                    /usr/local/spark-2.3.2-bin-hadoop2.7/jars/parquet-jackson-1.8.3.jar
7f4b9874c000-7f4b9874d000 r--s 00002000 08:01 1589677                    /usr/local/spark-2.3.2-bin-hadoop2.7/jars/slf4j-log4j12-1.7.16.jar
7f4b9874d000-7f4b98750000 r--s 00019000 08:01 1588469                    /usr/local/spark-2.3.2-bin-hadoop2.7/jars/bonecp-0.8.0.RELEASE.jar
7f4b98750000-7f4b98758000 r--s 0007b000 08:01 1589693                    /usr/local/spark-2.3.2-bin-hadoop2.7/jars/protobuf-java-2.5.0.jar
7f4b98758000-7f4b9875b000 r--s 000fd000 08:01 1589828                    /usr/local/spark-2.3.2-bin-hadoop2.7/jars/leveldbjni-all-1.8.jar
7f4b9875b000-7f4b98768000 r--s 00083000 08:01 1588453                    /usr/local/spark-2.3.2-bin-hadoop2.7/jars/commons-collections-3.2.2.jar
7f4b98768000-7f4b9876e000 r--s 0005c000 08:01 1588693                    /usr/local/spark-2.3.2-bin-hadoop2.7/jars/okhttp-3.8.1.jar
7f4b9876e000-7f4b98771000 r--s 00021000 08:01 1588466                    /usr/local/spark-2.3.2-bin-hadoop2.7/jars/xbean-asm5-shaded-4.4.jar
7f4b98771000-7f4b98773000 r--s 0000e000 08:01 1588963                    /usr/local/spark-2.3.2-bin-hadoop2.7/jars/hadoop-mapreduce-client-jobclient-2.7.3.jar
7f4b98773000-7f4b98775000 r--s 00001000 08:01 1588580                    /usr/local/spark-2.3.2-bin-hadoop2.7/jars/logging-interceptor-3.8.1.jar
7f4b98775000-7f4b9877b000 r--s 00043000 08:01 1588678                    /usr/local/spark-2.3.2-bin-hadoop2.7/jars/commons-configuration-1.6.jar
7f4b9877b000-7f4b98792000 r--s 000d4000 08:01 1587309                    /usr/local/spark-2.3.2-bin-hadoop2.7/jars/parquet-column-1.8.3.jar
7f4b98792000-7f4b9879f000 r--s 00071000 08:01 1589989                    /usr/local/spark-2.3.2-bin-hadoop2.7/jars/jackson-module-scala_2.11-2.6.7.1.jar
7f4b9879f000-7f4b987a1000 r--s 00012000 08:01 1588533                    /usr/local/spark-2.3.2-bin-hadoop2.7/jars/compress-lzf-1.0.3.jar
7f4b987a1000-7f4b987a3000 r--s 00009000 08:01 1589212                    /usr/local/spark-2.3.2-bin-hadoop2.7/jars/objenesis-2.1.jar
7f4b987a3000-7f4b987fc000 r--s 00522000 08:01 1590106                    /usr/local/spark-2.3.2-bin-hadoop2.7/jars/scala-library-2.11.8.jar
7f4b987fc000-7f4b98803000 r--s 00039000 08:01 1589686                    /usr/local/spark-2.3.2-bin-hadoop2.7/jars/calcite-avatica-1.2.0-incubating.jar
7f4b98803000-7f4b98824000 r--s 00177000 08:01 1589691                    /usr/local/spark-2.3.2-bin-hadoop2.7/jars/hppc-0.7.2.jar
7f4b98824000-7f4b98828000 r--s 00029000 08:01 1589595                    /usr/local/spark-2.3.2-bin-hadoop2.7/jars/hk2-locator-2.4.0-b34.jar
7f4b98828000-7f4b9882c000 r--s 0001a000 08:01 1588705                    /usr/local/spark-2.3.2-bin-hadoop2.7/jars/spark-repl_2.11-2.3.2.jar
7f4b9882c000-7f4b98831000 r--s 0002a000 08:01 1589832                    /usr/local/spark-2.3.2-bin-hadoop2.7/jars/commons-beanutils-1.7.0.jar
7f4b98831000-7f4b98835000 r--s 0002f000 08:01 1589590                    /usr/local/spark-2.3.2-bin-hadoop2.7/jars/commons-beanutils-core-1.8.0.jar
7f4b98835000-7f4b9883a000 r--s 00036000 08:01 1589591                    /usr/local/spark-2.3.2-bin-hadoop2.7/jars/commons-compress-1.4.1.jar
7f4b9883a000-7f4b9883f000 r--s 00039000 08:01 1589622                    /usr/local/spark-2.3.2-bin-hadoop2.7/jars/parquet-hadoop-1.8.3.jar
7f4b9883f000-7f4b98849000 r--s 000af000 08:01 1588790                    /usr/local/spark-2.3.2-bin-hadoop2.7/jars/orc-mapreduce-1.4.4-nohive.jar
7f4b98849000-7f4b9887f000 r--s 0031c000 08:01 1589398                    /usr/local/spark-2.3.2-bin-hadoop2.7/jars/hadoop-common-2.7.3.jar
7f4b9887f000-7f4b98889000 r--s 0007b000 08:01 1589596                    /usr/local/spark-2.3.2-bin-hadoop2.7/jars/hadoop-mapreduce-client-app-2.7.3.jar
7f4b98889000-7f4b9888b000 r--s 00012000 08:01 1589690                    /usr/local/spark-2.3.2-bin-hadoop2.7/jars/arrow-memory-0.8.0.jar
7f4b9888b000-7f4b988a1000 r--s 001a4000 08:01 1588571                    /usr/local/spark-2.3.2-bin-hadoop2.7/jars/datanucleus-rdbms-3.2.9.jar
7f4b988a1000-7f4b988af000 r--s 000a0000 08:01 1589557                    /usr/local/spark-2.3.2-bin-hadoop2.7/jars/spark-graphx_2.11-2.3.2.jar
7f4b988af000-7f4b988b1000 r--s 00000000 08:01 1587317                    /usr/local/spark-2.3.2-bin-hadoop2.7/jars/aopalliance-1.0.jar
7f4b988b1000-7f4b988c3000 r--s 000b3000 08:01 1588479                    /usr/local/spark-2.3.2-bin-hadoop2.7/jars/scalap-2.11.8.jar
7f4b988c3000-7f4b988c5000 r--s 00009000 08:01 1588679                    /usr/local/spark-2.3.2-bin-hadoop2.7/jars/jackson-module-paranamer-2.7.9.jar
7f4b988c5000-7f4b988ce000 r--s 00062000 08:01 1587318                    /usr/local/spark-2.3.2-bin-hadoop2.7/jars/avro-1.7.7.jar
7f4b988ce000-7f4b988d4000 r--s 00063000 08:01 1588419                    /usr/local/spark-2.3.2-bin-hadoop2.7/jars/jodd-core-3.5.2.jar
7f4b988d4000-7f4b98915000 r--s 006c0000 08:01 1587358                    /usr/local/spark-2.3.2-bin-hadoop2.7/jars/mesos-1.4.0-shaded-protobuf.jar
7f4b98915000-7f4b98917000 r--s 00008000 08:01 1589678                    /usr/local/spark-2.3.2-bin-hadoop2.7/jars/metrics-jvm-3.1.5.jar
7f4b98917000-7f4b98918000 r--s 0000a000 08:01 1589441                    /usr/local/spark-2.3.2-bin-hadoop2.7/jars/apacheds-i18n-2.0.0-M15.jar
7f4b98918000-7f4b9891a000 r--s 00002000 08:01 1589403                    /usr/local/spark-2.3.2-bin-hadoop2.7/jars/aopalliance-repackaged-2.4.0-b34.jar
7f4b9891a000-7f4b9891d000 r--s 00017000 08:01 1589588                    /usr/local/spark-2.3.2-bin-hadoop2.7/jars/jaxb-api-2.2.2.jar
7f4b9891d000-7f4b98920000 r--s 00022000 08:01 1588836                    /usr/local/spark-2.3.2-bin-hadoop2.7/jars/stringtemplate-3.2.1.jar
7f4b98920000-7f4b98943000 rw-p 00000000 00:00 0 
7f4b98943000-7f4b98a1b000 r--s 00d92000 08:01 1587306                    /usr/local/spark-2.3.2-bin-hadoop2.7/jars/breeze_2.11-0.13.2.jar
7f4b98a1b000-7f4b98a2d000 r--s 00112000 08:01 1590121                    /usr/local/spark-2.3.2-bin-hadoop2.7/jars/arpack_combined_all-0.1.jar
7f4b98a2d000-7f4b98a30000 r--s 00015000 08:01 1588446                    /usr/local/spark-2.3.2-bin-hadoop2.7/jars/commons-pool-1.5.4.jar
7f4b98a30000-7f4b98a38000 r--s 0006e000 08:01 1588558                    /usr/local/spark-2.3.2-bin-hadoop2.7/jars/commons-lang3-3.5.jar
7f4b98a38000-7f4b98a39000 r--s 00001000 08:01 1589399                    /usr/local/spark-2.3.2-bin-hadoop2.7/jars/javax.inject-2.4.0-b34.jar
7f4b98a39000-7f4b98a43000 r--s 00054000 08:01 1587311                    /usr/local/spark-2.3.2-bin-hadoop2.7/jars/spark-kubernetes_2.11-2.3.2.jar
7f4b98a43000-7f4b98a50000 r--s 000b1000 08:01 1588432                    /usr/local/spark-2.3.2-bin-hadoop2.7/jars/hadoop-mapreduce-client-common-2.7.3.jar
7f4b98a50000-7f4b98a53000 r--s 00012000 08:01 1589741                    /usr/local/spark-2.3.2-bin-hadoop2.7/jars/json4s-ast_2.11-3.2.11.jar
7f4b98a53000-7f4b98a5d000 r--s 00086000 08:01 1588703                    /usr/local/spark-2.3.2-bin-hadoop2.7/jars/json4s-core_2.11-3.2.11.jar
7f4b98a5d000-7f4b98a68000 r--s 000b0000 08:01 1588702                    /usr/local/spark-2.3.2-bin-hadoop2.7/jars/jtransforms-2.4.0.jar
7f4b98a68000-7f4b98a69000 r--s 00004000 08:01 1589592                    /usr/local/spark-2.3.2-bin-hadoop2.7/jars/opencsv-2.3.jar
7f4b98a69000-7f4b98a6b000 r--s 00003000 08:01 1589455                    /usr/local/spark-2.3.2-bin-hadoop2.7/jars/JavaEWAH-0.3.2.jar
7f4b98a6b000-7f4b98a76000 r--s 0005d000 08:01 1588704                    /usr/local/spark-2.3.2-bin-hadoop2.7/jars/scala-parser-combinators_2.11-1.0.4.jar
7f4b98a76000-7f4b98a9a000 r--s 001cd000 08:01 1589687                    /usr/local/spark-2.3.2-bin-hadoop2.7/jars/commons-math3-3.4.1.jar
7f4b98a9a000-7f4b98a9c000 r--s 00003000 08:01 1589642                    /usr/local/spark-2.3.2-bin-hadoop2.7/jars/base64-2.3.8.jar
7f4b98a9c000-7f4b98a9d000 r--s 0000b000 08:01 1588424                    /usr/local/spark-2.3.2-bin-hadoop2.7/jars/snappy-0.2.jar
7f4b98a9d000-7f4b98a9f000 r--s 0000e000 08:01 1588605                    /usr/local/spark-2.3.2-bin-hadoop2.7/jars/commons-logging-1.1.3.jar
7f4b98a9f000-7f4b98ad6000 r--s 00325000 08:01 1589593                    /usr/local/spark-2.3.2-bin-hadoop2.7/jars/calcite-core-1.2.0-incubating.jar
7f4b98ad6000-7f4b98ae5000 r--s 0009f000 08:01 1588422                    /usr/local/spark-2.3.2-bin-hadoop2.7/jars/guice-3.0.jar
7f4b98ae5000-7f4b98aef000 r--s 0009a000 08:01 1589030                    /usr/local/spark-2.3.2-bin-hadoop2.7/jars/scala-xml_2.11-1.0.5.jar
7f4b98aef000-7f4b98af3000 r--s 00020000 08:01 1588467                    /usr/local/spark-2.3.2-bin-hadoop2.7/jars/commons-digester-1.8.jar
7f4b98af3000-7f4b98b02000 r--s 00091000 08:01 1588629                    /usr/local/spark-2.3.2-bin-hadoop2.7/jars/spark-yarn_2.11-2.3.2.jar
7f4b98b02000-7f4b98b06000 r--s 0001a000 08:01 1589437                    /usr/local/spark-2.3.2-bin-hadoop2.7/jars/metrics-core-3.1.5.jar
7f4b98b06000-7f4b98b08000 r--s 00011000 08:01 1589208                    /usr/local/spark-2.3.2-bin-hadoop2.7/jars/spark-launcher_2.11-2.3.2.jar
7f4b98b08000-7f4b98b09000 r--s 00004000 08:01 1588606                    /usr/local/spark-2.3.2-bin-hadoop2.7/jars/osgi-resource-locator-1.0.1.jar
7f4b98b09000-7f4b98b0b000 r--s 0001c000 08:01 1587396                    /usr/local/spark-2.3.2-bin-hadoop2.7/jars/py4j-0.10.7.jar
7f4b98b0b000-7f4b98b0d000 r--s 0001e000 08:01 1589992                    /usr/local/spark-2.3.2-bin-hadoop2.7/jars/aircompressor-0.8.jar
7f4b98b0d000-7f4b98b14000 r--s 00058000 08:01 1589071                    /usr/local/spark-2.3.2-bin-hadoop2.7/jars/hadoop-yarn-server-common-2.7.3.jar
7f4b98b14000-7f4b98b1b000 r--s 00049000 08:01 1588848                    /usr/local/spark-2.3.2-bin-hadoop2.7/jars/httpcore-4.4.8.jar
7f4b98b1b000-7f4b98b21000 r--s 00040000 08:01 1589802                    /usr/local/spark-2.3.2-bin-hadoop2.7/jars/parquet-encoding-1.8.3.jar
7f4b98b21000-7f4b98b23000 r--s 00004000 08:01 1589621                    /usr/local/spark-2.3.2-bin-hadoop2.7/jars/stax-api-1.0-2.jar
7f4b98b23000-7f4b98b29000 r--s 00028000 08:01 1589997                    /usr/local/spark-2.3.2-bin-hadoop2.7/jars/curator-framework-2.7.1.jar
7f4b98b29000-7f4b98b2c000 r--s 00009000 08:01 1587316                    /usr/local/spark-2.3.2-bin-hadoop2.7/jars/jackson-annotations-2.6.7.jar
7f4b98b2c000-7f4b98b2e000 r--s 00010000 08:01 1589562                    /usr/local/spark-2.3.2-bin-hadoop2.7/jars/jersey-media-jaxb-2.22.2.jar
7f4b98b2e000-7f4b98b2f000 r--s 00000000 08:01 1589404                    /usr/local/spark-2.3.2-bin-hadoop2.7/jars/macro-compat_2.11-1.1.1.jar
7f4b98b2f000-7f4b98b34000 r--s 00027000 08:01 1589456                    /usr/local/spark-2.3.2-bin-hadoop2.7/jars/hk2-api-2.4.0-b34.jar
7f4b98b34000-7f4b98be0000 r--s 007a2000 08:01 1588441                    /usr/local/spark-2.3.2-bin-hadoop2.7/jars/spark-sql_2.11-2.3.2.jar
7f4b98be0000-7f4b98be4000 r--s 00014000 08:01 1589546                    /usr/local/spark-2.3.2-bin-hadoop2.7/jars/xz-1.0.jar
7f4b98be4000-7f4b98be6000 r--s 00003000 08:01 1588634                    /usr/local/spark-2.3.2-bin-hadoop2.7/jars/jcl-over-slf4j-1.7.16.jar
7f4b98be6000-7f4b98bec000 r--s 0002c000 08:01 1589552                    /usr/local/spark-2.3.2-bin-hadoop2.7/jars/jdo-api-3.0.1.jar
7f4b98bec000-7f4b98c79000 r--s 006d5000 08:01 1589742                    /usr/local/spark-2.3.2-bin-hadoop2.7/jars/spark-mllib_2.11-2.3.2.jar
7f4b98c79000-7f4b98c9b000 rw-p 00000000 00:00 0 
7f4b98c9b000-7f4b98d88000 r--s 00b93000 08:01 1589993                    /usr/local/spark-2.3.2-bin-hadoop2.7/jars/spark-core_2.11-2.3.2.jar
7f4b98d88000-7f4b98d8f000 r--s 0007d000 08:01 1589213                    /usr/local/spark-2.3.2-bin-hadoop2.7/jars/jetty-6.1.26.jar
7f4b98d8f000-7f4b98da9000 r--s 00126000 08:01 1589070                    /usr/local/spark-2.3.2-bin-hadoop2.7/jars/spark-hive_2.11-2.3.2.jar
7f4b98da9000-7f4b98daa000 r--s 00009000 08:01 1587314                    /usr/local/spark-2.3.2-bin-hadoop2.7/jars/hadoop-annotations-2.7.3.jar
7f4b98daa000-7f4b98db0000 r--s 0004c000 08:01 1590032                    /usr/local/spark-2.3.2-bin-hadoop2.7/jars/antlr4-runtime-4.7.jar
7f4b98db0000-7f4b98db1000 r--s 00013000 08:01 1589515                    /usr/local/spark-2.3.2-bin-hadoop2.7/jars/okio-1.13.0.jar
7f4b98db1000-7f4b98de0000 r--s 002e5000 08:01 1588695                    /usr/local/spark-2.3.2-bin-hadoop2.7/jars/derby-10.12.1.1.jar
7f4b98de0000-7f4b98de1000 r--s 00002000 08:01 1587310                    /usr/local/spark-2.3.2-bin-hadoop2.7/jars/flatbuffers-1.2.0-3f79e055.jar
7f4b98de1000-7f4b98e8a000 r--s 007f2000 08:01 1589827                    /usr/local/spark-2.3.2-bin-hadoop2.7/jars/spark-catalyst_2.11-2.3.2.jar
7f4b98e8a000-7f4b98e8e000 r--s 0002a000 08:01 1587356                    /usr/local/spark-2.3.2-bin-hadoop2.7/jars/breeze-macros_2.11-0.13.2.jar
7f4b98e8e000-7f4b98ea7000 r--s 00150000 08:01 1588774                    /usr/local/spark-2.3.2-bin-hadoop2.7/jars/htrace-core-3.1.0-incubating.jar
7f4b98ea7000-7f4b98ea9000 r--s 00027000 08:01 1588992                    /usr/local/spark-2.3.2-bin-hadoop2.7/jars/core-1.1.2.jar
7f4b98ea9000-7f4b98eaa000 r--s 00004000 08:01 1588564                    /usr/local/spark-2.3.2-bin-hadoop2.7/jars/jackson-jaxrs-1.9.13.jar
7f4b98eaa000-7f4b98eb8000 r--s 0009d000 08:01 1590030                    /usr/local/spark-2.3.2-bin-hadoop2.7/jars/jersey-common-2.22.2.jar
7f4b98eb8000-7f4b98ebc000 r--s 00033000 08:01 1587312                    /usr/local/spark-2.3.2-bin-hadoop2.7/jars/chill_2.11-0.8.4.jar
7f4b98ebc000-7f4b98ebe000 r--s 00005000 08:01 1589438                    /usr/local/spark-2.3.2-bin-hadoop2.7/jars/stax-api-1.0.1.jar
7f4b98ebe000-7f4b98f0a000 r--s 00411000 08:01 1589572                    /usr/local/spark-2.3.2-bin-hadoop2.7/jars/scala-reflect-2.11.8.jar
7f4b98f0a000-7f4b98f0e000 r--s 0000c000 08:01 1589439                    /usr/local/spark-2.3.2-bin-hadoop2.7/jars/validation-api-1.1.0.Final.jar
7f4b98f0e000-7f4b98f0f000 r--s 00001000 08:01 1589829                    /usr/local/spark-2.3.2-bin-hadoop2.7/jars/minlog-1.3.0.jar
7f4b98f0f000-7f4b98f22000 r--s 0014e000 08:01 1588438                    /usr/local/spark-2.3.2-bin-hadoop2.7/jars/orc-core-1.4.4-nohive.jar
7f4b98f22000-7f4b98f25000 r--s 00025000 08:01 1587315                    /usr/local/spark-2.3.2-bin-hadoop2.7/jars/commons-dbcp-1.4.jar
7f4b98f25000-7f4b98f29000 r--s 0003c000 08:01 1589637                    /usr/local/spark-2.3.2-bin-hadoop2.7/jars/jackson-core-2.6.7.jar
7f4b98f29000-7f4b98f2e000 r--s 00068000 08:01 1589073                    /usr/local/spark-2.3.2-bin-hadoop2.7/jars/antlr-2.7.7.jar
7f4b98f2e000-7f4b98f30000 r--s 00014000 08:01 1588430                    /usr/local/spark-2.3.2-bin-hadoop2.7/jars/spire-macros_2.11-0.13.0.jar
7f4b98f30000-7f4b98f3d000 r--s 000b2000 08:01 1588535                    /usr/local/spark-2.3.2-bin-hadoop2.7/jars/httpclient-4.5.4.jar
7f4b98f3d000-7f4b98f4e000 r--s 00092000 08:01 1589684                    /usr/local/spark-2.3.2-bin-hadoop2.7/jars/spark-mesos_2.11-2.3.2.jar
7f4b98f4e000-7f4b98f53000 r--s 0004e000 08:01 1589553                    /usr/local/spark-2.3.2-bin-hadoop2.7/jars/datanucleus-api-jdo-3.2.6.jar
7f4b98f53000-7f4b98f57000 r--s 00019000 08:01 1588425                    /usr/local/spark-2.3.2-bin-hadoop2.7/jars/javax.ws.rs-api-2.0.1.jar
7f4b98f57000-7f4b98f58000 r--s 00003000 08:01 1588429                    /usr/local/spark-2.3.2-bin-hadoop2.7/jars/spark-tags_2.11-2.3.2.jar
7f4b98f58000-7f4b98f73000 r--s 001d9000 08:01 1589623                    /usr/local/spark-2.3.2-bin-hadoop2.7/jars/jets3t-0.9.4.jar
7f4b98f73000-7f4b98f7b000 r--s 0003b000 08:01 1589158                    /usr/local/spark-2.3.2-bin-hadoop2.7/jars/curator-recipes-2.7.1.jar
7f4b98f7b000-7f4b98fce000 r--s 00373000 08:01 1588635                    /usr/local/spark-2.3.2-bin-hadoop2.7/jars/bcprov-jdk15on-1.58.jar
7f4b98fce000-7f4b98fd9000 r--s 00062000 08:01 1590031                    /usr/local/spark-2.3.2-bin-hadoop2.7/jars/calcite-linq4j-1.2.0-incubating.jar
7f4b98fd9000-7f4b98fe0000 r--s 00046000 08:01 1588567                    /usr/local/spark-2.3.2-bin-hadoop2.7/jars/libfb303-0.9.3.jar
7f4b98fe0000-7f4b98ff6000 r--s 00124000 08:01 1589692                    /usr/local/spark-2.3.2-bin-hadoop2.7/jars/ivy-2.4.0.jar
7f4b98ff6000-7f4b99000000 r--s 000a5000 08:01 1588788                    /usr/local/spark-2.3.2-bin-hadoop2.7/jars/javassist-3.18.1-GA.jar
7f4b99000000-7f4b99830000 rwxp 00000000 00:00 0 
7f4b99830000-7f4ba8000000 ---p 00000000 00:00 0 
7f4ba8000000-7f4ba9a7d000 rw-p 00000000 00:00 0 
7f4ba9a7d000-7f4bac000000 ---p 00000000 00:00 0 
7f4bac000000-7f4bac002000 r--s 00004000 08:01 1588696                    /usr/local/spark-2.3.2-bin-hadoop2.7/jars/metrics-graphite-3.1.5.jar
7f4bac002000-7f4bac004000 r--s 0000b000 08:01 1589156                    /usr/local/spark-2.3.2-bin-hadoop2.7/jars/arrow-format-0.8.0.jar
7f4bac004000-7f4bac006000 r--s 0000f000 08:01 1589067                    /usr/local/spark-2.3.2-bin-hadoop2.7/jars/activation-1.1.1.jar
7f4bac006000-7f4bac007000 r--s 00002000 08:01 1590110                    /usr/local/spark-2.3.2-bin-hadoop2.7/jars/jpam-1.1.jar
7f4bac007000-7f4bac01f000 r--s 00115000 08:01 1589619                    /usr/local/spark-2.3.2-bin-hadoop2.7/jars/xercesImpl-2.9.1.jar
7f4bac01f000-7f4bac020000 r--s 00004000 08:01 1588627                    /usr/local/spark-2.3.2-bin-hadoop2.7/jars/eigenbase-properties-1.1.5.jar
7f4bac020000-7f4bac025000 r--s 00041000 08:01 1588376                    /usr/local/spark-2.3.2-bin-hadoop2.7/jars/commons-lang-2.6.jar
7f4bac025000-7f4bac037000 r--s 00097000 08:01 1588443                    /usr/local/spark-2.3.2-bin-hadoop2.7/jars/apacheds-kerberos-codec-2.0.0-M15.jar
7f4bac037000-7f4bac045000 r--s 000b1000 08:01 1589538                    /usr/local/spark-2.3.2-bin-hadoop2.7/jars/jackson-mapper-asl-1.9.13.jar
7f4bac045000-7f4bac060000 r--s 001d6000 08:01 527864                     /usr/lib/jvm/java-8-openjdk-amd64/jre/lib/ext/nashorn.jar
7f4bac060000-7f4bac07b000 r--s 00394000 08:01 527859                     /usr/lib/jvm/java-8-openjdk-amd64/jre/lib/ext/cldrdata.jar
7f4bac07b000-7f4bac07c000 ---p 00000000 00:00 0 
7f4bac07c000-7f4bac17c000 rw-p 00000000 00:00 0 
7f4bac17c000-7f4bac17f000 ---p 00000000 00:00 0 
7f4bac17f000-7f4bac27d000 rw-p 00000000 00:00 0 
7f4bac27d000-7f4bac27e000 ---p 00000000 00:00 0 
7f4bac27e000-7f4bac281000 ---p 00000000 00:00 0 
7f4bac281000-7f4bac37e000 rw-p 00000000 00:00 0 
7f4bac37e000-7f4bac37f000 ---p 00000000 00:00 0 
7f4bac37f000-7f4bac382000 ---p 00000000 00:00 0 
7f4bac382000-7f4bac47f000 rw-p 00000000 00:00 0 
7f4bac47f000-7f4bac482000 ---p 00000000 00:00 0 
7f4bac482000-7f4bac580000 rw-p 00000000 00:00 0 
7f4bac580000-7f4bacf4f000 r--p 00000000 08:01 531151                     /usr/lib/locale/locale-archive
7f4bacf4f000-7f4bacf52000 ---p 00000000 00:00 0 
7f4bacf52000-7f4bad050000 rw-p 00000000 00:00 0 
7f4bad050000-7f4bad053000 ---p 00000000 00:00 0 
7f4bad053000-7f4bad151000 rw-p 00000000 00:00 0 
7f4bad151000-7f4bad152000 ---p 00000000 00:00 0 
7f4bad152000-7f4bad252000 rw-p 00000000 00:00 0 
7f4bad252000-7f4bad421000 r--s 03c33000 08:01 528202                     /usr/lib/jvm/java-8-openjdk-amd64/jre/lib/rt.jar
7f4bad421000-7f4badc97000 rw-p 00000000 00:00 0 
7f4badc97000-7f4badd4d000 rw-p 00000000 00:00 0 
7f4badd4d000-7f4badded000 ---p 00000000 00:00 0 
7f4badded000-7f4bade40000 rw-p 00000000 00:00 0 
7f4bade40000-7f4bade97000 ---p 00000000 00:00 0 
7f4bade97000-7f4badf4e000 rw-p 00000000 00:00 0 
7f4badf4e000-7f4badfed000 ---p 00000000 00:00 0 
7f4badfed000-7f4bae00f000 rw-p 00000000 00:00 0 
7f4bae00f000-7f4bae3ae000 ---p 00000000 00:00 0 
7f4bae3ae000-7f4bae3b6000 r-xp 00000000 08:01 527845                     /usr/lib/jvm/java-8-openjdk-amd64/jre/lib/amd64/libzip.so
7f4bae3b6000-7f4bae5b5000 ---p 00008000 08:01 527845                     /usr/lib/jvm/java-8-openjdk-amd64/jre/lib/amd64/libzip.so
7f4bae5b5000-7f4bae5b6000 r--p 00007000 08:01 527845                     /usr/lib/jvm/java-8-openjdk-amd64/jre/lib/amd64/libzip.so
7f4bae5b6000-7f4bae5b7000 rw-p 00008000 08:01 527845                     /usr/lib/jvm/java-8-openjdk-amd64/jre/lib/amd64/libzip.so
7f4bae5b7000-7f4bae5c2000 r-xp 00000000 08:01 661100                     /lib/x86_64-linux-gnu/libnss_files-2.27.so
7f4bae5c2000-7f4bae7c1000 ---p 0000b000 08:01 661100                     /lib/x86_64-linux-gnu/libnss_files-2.27.so
7f4bae7c1000-7f4bae7c2000 r--p 0000a000 08:01 661100                     /lib/x86_64-linux-gnu/libnss_files-2.27.so
7f4bae7c2000-7f4bae7c3000 rw-p 0000b000 08:01 661100                     /lib/x86_64-linux-gnu/libnss_files-2.27.so
7f4bae7c3000-7f4bae7c9000 rw-p 00000000 00:00 0 
7f4bae7c9000-7f4bae7e0000 r-xp 00000000 08:01 661094                     /lib/x86_64-linux-gnu/libnsl-2.27.so
7f4bae7e0000-7f4bae9df000 ---p 00017000 08:01 661094                     /lib/x86_64-linux-gnu/libnsl-2.27.so
7f4bae9df000-7f4bae9e0000 r--p 00016000 08:01 661094                     /lib/x86_64-linux-gnu/libnsl-2.27.so
7f4bae9e0000-7f4bae9e1000 rw-p 00017000 08:01 661094                     /lib/x86_64-linux-gnu/libnsl-2.27.so
7f4bae9e1000-7f4bae9e3000 rw-p 00000000 00:00 0 
7f4bae9e3000-7f4bae9ee000 r-xp 00000000 08:01 661111                     /lib/x86_64-linux-gnu/libnss_nis-2.27.so
7f4bae9ee000-7f4baebed000 ---p 0000b000 08:01 661111                     /lib/x86_64-linux-gnu/libnss_nis-2.27.so
7f4baebed000-7f4baebee000 r--p 0000a000 08:01 661111                     /lib/x86_64-linux-gnu/libnss_nis-2.27.so
7f4baebee000-7f4baebef000 rw-p 0000b000 08:01 661111                     /lib/x86_64-linux-gnu/libnss_nis-2.27.so
7f4baebef000-7f4baebf7000 r-xp 00000000 08:01 661096                     /lib/x86_64-linux-gnu/libnss_compat-2.27.so
7f4baebf7000-7f4baedf7000 ---p 00008000 08:01 661096                     /lib/x86_64-linux-gnu/libnss_compat-2.27.so
7f4baedf7000-7f4baedf8000 r--p 00008000 08:01 661096                     /lib/x86_64-linux-gnu/libnss_compat-2.27.so
7f4baedf8000-7f4baedf9000 rw-p 00009000 08:01 661096                     /lib/x86_64-linux-gnu/libnss_compat-2.27.so
7f4baedf9000-7f4baee27000 r-xp 00000000 08:01 526953                     /usr/lib/jvm/java-8-openjdk-amd64/jre/lib/amd64/libjava.so
7f4baee27000-7f4baf026000 ---p 0002e000 08:01 526953                     /usr/lib/jvm/java-8-openjdk-amd64/jre/lib/amd64/libjava.so
7f4baf026000-7f4baf027000 r--p 0002d000 08:01 526953                     /usr/lib/jvm/java-8-openjdk-amd64/jre/lib/amd64/libjava.so
7f4baf027000-7f4baf029000 rw-p 0002e000 08:01 526953                     /usr/lib/jvm/java-8-openjdk-amd64/jre/lib/amd64/libjava.so
7f4baf029000-7f4baf039000 r-xp 00000000 08:01 527844                     /usr/lib/jvm/java-8-openjdk-amd64/jre/lib/amd64/libverify.so
7f4baf039000-7f4baf238000 ---p 00010000 08:01 527844                     /usr/lib/jvm/java-8-openjdk-amd64/jre/lib/amd64/libverify.so
7f4baf238000-7f4baf23a000 r--p 0000f000 08:01 527844                     /usr/lib/jvm/java-8-openjdk-amd64/jre/lib/amd64/libverify.so
7f4baf23a000-7f4baf23b000 rw-p 00011000 08:01 527844                     /usr/lib/jvm/java-8-openjdk-amd64/jre/lib/amd64/libverify.so
7f4baf23b000-7f4baf242000 r-xp 00000000 08:01 661151                     /lib/x86_64-linux-gnu/librt-2.27.so
7f4baf242000-7f4baf441000 ---p 00007000 08:01 661151                     /lib/x86_64-linux-gnu/librt-2.27.so
7f4baf441000-7f4baf442000 r--p 00006000 08:01 661151                     /lib/x86_64-linux-gnu/librt-2.27.so
7f4baf442000-7f4baf443000 rw-p 00007000 08:01 661151                     /lib/x86_64-linux-gnu/librt-2.27.so
7f4baf443000-7f4baf45a000 r-xp 00000000 08:01 660582                     /lib/x86_64-linux-gnu/libgcc_s.so.1
7f4baf45a000-7f4baf659000 ---p 00017000 08:01 660582                     /lib/x86_64-linux-gnu/libgcc_s.so.1
7f4baf659000-7f4baf65a000 r--p 00016000 08:01 660582                     /lib/x86_64-linux-gnu/libgcc_s.so.1
7f4baf65a000-7f4baf65b000 rw-p 00017000 08:01 660582                     /lib/x86_64-linux-gnu/libgcc_s.so.1
7f4baf65b000-7f4baf7f8000 r-xp 00000000 08:01 661073                     /lib/x86_64-linux-gnu/libm-2.27.so
7f4baf7f8000-7f4baf9f7000 ---p 0019d000 08:01 661073                     /lib/x86_64-linux-gnu/libm-2.27.so
7f4baf9f7000-7f4baf9f8000 r--p 0019c000 08:01 661073                     /lib/x86_64-linux-gnu/libm-2.27.so
7f4baf9f8000-7f4baf9f9000 rw-p 0019d000 08:01 661073                     /lib/x86_64-linux-gnu/libm-2.27.so
7f4baf9f9000-7f4bafb72000 r-xp 00000000 08:01 526494                     /usr/lib/x86_64-linux-gnu/libstdc++.so.6.0.25
7f4bafb72000-7f4bafd72000 ---p 00179000 08:01 526494                     /usr/lib/x86_64-linux-gnu/libstdc++.so.6.0.25
7f4bafd72000-7f4bafd7c000 r--p 00179000 08:01 526494                     /usr/lib/x86_64-linux-gnu/libstdc++.so.6.0.25
7f4bafd7c000-7f4bafd7e000 rw-p 00183000 08:01 526494                     /usr/lib/x86_64-linux-gnu/libstdc++.so.6.0.25
7f4bafd7e000-7f4bafd82000 rw-p 00000000 00:00 0 
7f4bafd82000-7f4bb0a1c000 r-xp 00000000 08:01 527848                     /usr/lib/jvm/java-8-openjdk-amd64/jre/lib/amd64/server/libjvm.so
7f4bb0a1c000-7f4bb0c1b000 ---p 00c9a000 08:01 527848                     /usr/lib/jvm/java-8-openjdk-amd64/jre/lib/amd64/server/libjvm.so
7f4bb0c1b000-7f4bb0caf000 r--p 00c99000 08:01 527848                     /usr/lib/jvm/java-8-openjdk-amd64/jre/lib/amd64/server/libjvm.so
7f4bb0caf000-7f4bb0cd8000 rw-p 00d2d000 08:01 527848                     /usr/lib/jvm/java-8-openjdk-amd64/jre/lib/amd64/server/libjvm.so
7f4bb0cd8000-7f4bb0d08000 rw-p 00000000 00:00 0 
7f4bb0d08000-7f4bb0d22000 r-xp 00000000 08:01 661143                     /lib/x86_64-linux-gnu/libpthread-2.27.so
7f4bb0d22000-7f4bb0f21000 ---p 0001a000 08:01 661143                     /lib/x86_64-linux-gnu/libpthread-2.27.so
7f4bb0f21000-7f4bb0f22000 r--p 00019000 08:01 661143                     /lib/x86_64-linux-gnu/libpthread-2.27.so
7f4bb0f22000-7f4bb0f23000 rw-p 0001a000 08:01 661143                     /lib/x86_64-linux-gnu/libpthread-2.27.so
7f4bb0f23000-7f4bb0f27000 rw-p 00000000 00:00 0 
7f4bb0f27000-7f4bb0f2a000 r-xp 00000000 08:01 661033                     /lib/x86_64-linux-gnu/libdl-2.27.so
7f4bb0f2a000-7f4bb1129000 ---p 00003000 08:01 661033                     /lib/x86_64-linux-gnu/libdl-2.27.so
7f4bb1129000-7f4bb112a000 r--p 00002000 08:01 661033                     /lib/x86_64-linux-gnu/libdl-2.27.so
7f4bb112a000-7f4bb112b000 rw-p 00003000 08:01 661033                     /lib/x86_64-linux-gnu/libdl-2.27.so
7f4bb112b000-7f4bb1147000 r-xp 00000000 08:01 661182                     /lib/x86_64-linux-gnu/libz.so.1.2.11
7f4bb1147000-7f4bb1346000 ---p 0001c000 08:01 661182                     /lib/x86_64-linux-gnu/libz.so.1.2.11
7f4bb1346000-7f4bb1347000 r--p 0001b000 08:01 661182                     /lib/x86_64-linux-gnu/libz.so.1.2.11
7f4bb1347000-7f4bb1348000 rw-p 0001c000 08:01 661182                     /lib/x86_64-linux-gnu/libz.so.1.2.11
7f4bb1348000-7f4bb152f000 r-xp 00000000 08:01 661010                     /lib/x86_64-linux-gnu/libc-2.27.so
7f4bb152f000-7f4bb172f000 ---p 001e7000 08:01 661010                     /lib/x86_64-linux-gnu/libc-2.27.so
7f4bb172f000-7f4bb1733000 r--p 001e7000 08:01 661010                     /lib/x86_64-linux-gnu/libc-2.27.so
7f4bb1733000-7f4bb1735000 rw-p 001eb000 08:01 661010                     /lib/x86_64-linux-gnu/libc-2.27.so
7f4bb1735000-7f4bb1739000 rw-p 00000000 00:00 0 
7f4bb1739000-7f4bb1747000 r-xp 00000000 08:01 525990                     /usr/lib/jvm/java-8-openjdk-amd64/jre/lib/amd64/jli/libjli.so
7f4bb1747000-7f4bb1946000 ---p 0000e000 08:01 525990                     /usr/lib/jvm/java-8-openjdk-amd64/jre/lib/amd64/jli/libjli.so
7f4bb1946000-7f4bb1947000 r--p 0000d000 08:01 525990                     /usr/lib/jvm/java-8-openjdk-amd64/jre/lib/amd64/jli/libjli.so
7f4bb1947000-7f4bb1948000 rw-p 0000e000 08:01 525990                     /usr/lib/jvm/java-8-openjdk-amd64/jre/lib/amd64/jli/libjli.so
7f4bb1948000-7f4bb196f000 r-xp 00000000 08:01 660982                     /lib/x86_64-linux-gnu/ld-2.27.so
7f4bb196f000-7f4bb1971000 r--s 00003000 08:01 1589638                    /usr/local/spark-2.3.2-bin-hadoop2.7/jars/jersey-container-servlet-2.22.2.jar
7f4bb1971000-7f4bb1977000 r--s 0003b000 08:01 528032                     /usr/lib/jvm/java-8-openjdk-amd64/jre/lib/ext/sunjce_provider.jar
7f4bb1977000-7f4bb1978000 r--s 00010000 08:01 528035                     /usr/lib/jvm/java-8-openjdk-amd64/jre/lib/ext/zipfs.jar
7f4bb1978000-7f4bb1979000 r--s 0000a000 08:01 527862                     /usr/lib/jvm/java-8-openjdk-amd64/jre/lib/ext/jaccess.jar
7f4bb1979000-7f4bb197c000 r--s 00038000 08:01 528033                     /usr/lib/jvm/java-8-openjdk-amd64/jre/lib/ext/sunpkcs11.jar
7f4bb197c000-7f4bb1986000 r--s 00116000 08:01 527863                     /usr/lib/jvm/java-8-openjdk-amd64/jre/lib/ext/localedata.jar
7f4bb1986000-7f4bb1a57000 rw-p 00000000 00:00 0 
7f4bb1a57000-7f4bb1a58000 ---p 00000000 00:00 0 
7f4bb1a58000-7f4bb1a5b000 ---p 00000000 00:00 0 
7f4bb1a5b000-7f4bb1b5a000 rw-p 00000000 00:00 0 
7f4bb1b5a000-7f4bb1b5c000 r--s 00001000 08:01 527860                     /usr/lib/jvm/java-8-openjdk-amd64/jre/lib/ext/dnsns.jar
7f4bb1b5c000-7f4bb1b5e000 r--s 00007000 08:01 1187232                    /usr/share/java/java-atk-wrapper.jar
7f4bb1b5e000-7f4bb1b61000 r--s 0000f000 08:01 527861                     /usr/lib/jvm/java-8-openjdk-amd64/jre/lib/ext/icedtea-sound.jar
7f4bb1b61000-7f4bb1b63000 r--s 00008000 08:01 527865                     /usr/lib/jvm/java-8-openjdk-amd64/jre/lib/ext/sunec.jar
7f4bb1b63000-7f4bb1b6b000 rw-s 00000000 08:01 922549                     /tmp/hsperfdata_rachna/710
7f4bb1b6b000-7f4bb1b6c000 rw-p 00000000 00:00 0 
7f4bb1b6c000-7f4bb1b6d000 ---p 00000000 00:00 0 
7f4bb1b6d000-7f4bb1b6f000 rw-p 00000000 00:00 0 
7f4bb1b6f000-7f4bb1b70000 r--p 00027000 08:01 660982                     /lib/x86_64-linux-gnu/ld-2.27.so
7f4bb1b70000-7f4bb1b71000 rw-p 00028000 08:01 660982                     /lib/x86_64-linux-gnu/ld-2.27.so
7f4bb1b71000-7f4bb1b72000 rw-p 00000000 00:00 0 
7fffd891a000-7fffd893b000 rw-p 00000000 00:00 0                          [stack]
7fffd897a000-7fffd897d000 r--p 00000000 00:00 0                          [vvar]
7fffd897d000-7fffd897f000 r-xp 00000000 00:00 0                          [vdso]
ffffffffff600000-ffffffffff601000 r-xp 00000000 00:00 0                  [vsyscall]

VM Arguments:
jvm_args: -Xmx1g 
java_command: org.apache.spark.deploy.SparkSubmit --master local[4] --class wc.UserFollower --name Word Count spark-demo.jar input output
java_class_path (initial): /usr/local/spark/conf/:/usr/local/spark/jars/jersey-container-servlet-2.22.2.jar:/usr/local/spark/jars/jackson-mapper-asl-1.9.13.jar:/usr/local/spark/jars/apacheds-kerberos-codec-2.0.0-M15.jar:/usr/local/spark/jars/commons-lang-2.6.jar:/usr/local/spark/jars/eigenbase-properties-1.1.5.jar:/usr/local/spark/jars/xercesImpl-2.9.1.jar:/usr/local/spark/jars/jpam-1.1.jar:/usr/local/spark/jars/javassist-3.18.1-GA.jar:/usr/local/spark/jars/activation-1.1.1.jar:/usr/local/spark/jars/ivy-2.4.0.jar:/usr/local/spark/jars/arrow-format-0.8.0.jar:/usr/local/spark/jars/libfb303-0.9.3.jar:/usr/local/spark/jars/calcite-linq4j-1.2.0-incubating.jar:/usr/local/spark/jars/bcprov-jdk15on-1.58.jar:/usr/local/spark/jars/curator-recipes-2.7.1.jar:/usr/local/spark/jars/jets3t-0.9.4.jar:/usr/local/spark/jars/metrics-graphite-3.1.5.jar:/usr/local/spark/jars/spark-tags_2.11-2.3.2.jar:/usr/local/spark/jars/javax.ws.rs-api-2.0.1.jar:/usr/local/spark/jars/datanucleus-api-jdo-3.2.6.jar:/usr/local/spark/jars/spark-mesos_2.11-2.3.2.jar:/usr/local/spark/jars/httpclient-4.5.4.jar:/usr/local/spark/jars/spire-macros_2.11-0.13.0.jar:/usr/local/spark/jars/antlr-2.7.7.jar:/usr/local/spark/jars/jackson-core-2.6.7.jar:/usr/local/spark/jars/commons-dbcp-1.4.jar:/usr/local/spark/jars/orc-core-1.4.4-nohive.jar:/usr/local/spark/jars/minlog-1.3.0.jar:/usr/local/spark/jars/validation-api-1.1.0.Final.jar:/usr/local/spark/jars/scala-reflect-2.11.8.jar:/usr/local/spark/jars/stax-api-1.0.1.jar:/usr/local/spark/jars/chill_2.11-0.8.4.jar:/usr/local/spark/jars/jersey-common-2.22.2.jar:/usr/local/spark/jars/jackson-jaxrs-1.9.13.jar:/usr/local/spark/jars/core-1.1.2.jar:/usr/local/spark/jars/htrace-core-3.1.0-incubating.jar:/usr/local/spark/jars/breeze-macros_2.11-0.13.2.jar:/usr/local/spark/jars/spark-catalyst_2.11-2.3.2.jar:/usr/local/spark/jars/flatbuffers-1.2.0-3f79e055.jar:/usr/local/spark/jars/derby-10.12.1.1.jar:/usr/local/spark/jars/okio-1.13.0.jar:/usr/local/spark/jars/antlr4-runtime-4.7.j
Launcher Type: SUN_STANDARD

Environment Variables:
JAVA_HOME=/usr/lib/jvm/java-8-openjdk-amd64
PATH=/usr/local/sbin:/usr/local/bin:/usr/sbin:/usr/bin:/sbin:/bin:/usr/$:/usr/local/scala/bin:/usr/local/spark/bin
USERNAME=rachna
SHELL=/bin/bash
DISPLAY=:0

Signal Handlers:
SIGSEGV: [libjvm.so+0xab2e60], sa_mask[0]=11111111011111111101111111111110, sa_flags=SA_RESTART|SA_SIGINFO
SIGBUS: [libjvm.so+0xab2e60], sa_mask[0]=11111111011111111101111111111110, sa_flags=SA_RESTART|SA_SIGINFO
SIGFPE: [libjvm.so+0x8e8860], sa_mask[0]=11111111011111111101111111111110, sa_flags=SA_RESTART|SA_SIGINFO
SIGPIPE: [libjvm.so+0x8e8860], sa_mask[0]=11111111011111111101111111111110, sa_flags=SA_RESTART|SA_SIGINFO
SIGXFSZ: [libjvm.so+0x8e8860], sa_mask[0]=11111111011111111101111111111110, sa_flags=SA_RESTART|SA_SIGINFO
SIGILL: [libjvm.so+0x8e8860], sa_mask[0]=11111111011111111101111111111110, sa_flags=SA_RESTART|SA_SIGINFO
SIGUSR1: SIG_DFL, sa_mask[0]=00000000000000000000000000000000, sa_flags=none
SIGUSR2: [libjvm.so+0x8e8710], sa_mask[0]=00000000000000000000000000000000, sa_flags=SA_RESTART|SA_SIGINFO
SIGHUP: [libjvm.so+0x8e8d80], sa_mask[0]=11111111011111111101111111111110, sa_flags=SA_RESTART|SA_SIGINFO
SIGINT: [libjvm.so+0x8e8d80], sa_mask[0]=11111111011111111101111111111110, sa_flags=SA_RESTART|SA_SIGINFO
SIGTERM: [libjvm.so+0x8e8d80], sa_mask[0]=11111111011111111101111111111110, sa_flags=SA_RESTART|SA_SIGINFO
SIGQUIT: [libjvm.so+0x8e8d80], sa_mask[0]=11111111011111111101111111111110, sa_flags=SA_RESTART|SA_SIGINFO


---------------  S Y S T E M  ---------------

OS:DISTRIB_ID=Ubuntu
DISTRIB_RELEASE=18.04
DISTRIB_CODENAME=bionic
DISTRIB_DESCRIPTION="Ubuntu 18.04.1 LTS"

uname:Linux 4.15.0-43-generic #46-Ubuntu SMP Thu Dec 6 14:45:28 UTC 2018 x86_64
libc:glibc 2.27 NPTL 2.27 
rlimit: STACK 8192k, CORE 0k, NPROC 15543, NOFILE 4096, AS infinity
load average:9.17 6.02 3.00

/proc/meminfo:
MemTotal:        4039736 kB
MemFree:          102856 kB
MemAvailable:      19444 kB
Buffers:            4912 kB
Cached:           104912 kB
SwapCached:         8568 kB
Active:          3032788 kB
Inactive:         630232 kB
Active(anon):    3018780 kB
Inactive(anon):   604004 kB
Active(file):      14008 kB
Inactive(file):    26228 kB
Unevictable:         112 kB
Mlocked:             112 kB
SwapTotal:       1942896 kB
SwapFree:              0 kB
Dirty:               196 kB
Writeback:             0 kB
AnonPages:       3546792 kB
Mapped:            99444 kB
Shmem:             69540 kB
Slab:              83796 kB
SReclaimable:      29952 kB
SUnreclaim:        53844 kB
KernelStack:       18384 kB
PageTables:        97220 kB
NFS_Unstable:          0 kB
Bounce:                0 kB
WritebackTmp:          0 kB
CommitLimit:     3962764 kB
Committed_AS:   15643948 kB
VmallocTotal:   34359738367 kB
VmallocUsed:           0 kB
VmallocChunk:          0 kB
HardwareCorrupted:     0 kB
AnonHugePages:         0 kB
ShmemHugePages:        0 kB
ShmemPmdMapped:        0 kB
CmaTotal:              0 kB
CmaFree:               0 kB
HugePages_Total:       0
HugePages_Free:        0
HugePages_Rsvd:        0
HugePages_Surp:        0
Hugepagesize:       2048 kB
DirectMap4k:      249792 kB
DirectMap2M:     3944448 kB

container (cgroup) information:
container_type: cgroupv1
cpu_cpuset_cpus: 0
cpu_memory_nodes: 0
active_processor_count: 1
cpu_quota: -1
cpu_period: 100000
cpu_shares: -1
memory_limit_in_bytes: -1
memory_and_swap_limit_in_bytes: -2
memory_soft_limit_in_bytes: -1
memory_usage_in_bytes: 3748368384
memory_max_usage_in_bytes: 0


CPU:total 1 (initial active 1) (1 cores per cpu, 1 threads per core) family 6 model 158 stepping 9, cmov, cx8, fxsr, mmx, sse, sse2, sse3, ssse3, sse4.1, sse4.2, popcnt, avx, avx2, aes, clmul, 3dnowpref, lzcnt, tsc, tscinvbit

/proc/cpuinfo:
processor	: 0
vendor_id	: GenuineIntel
cpu family	: 6
model		: 158
model name	: Intel(R) Core(TM) i7-7700HQ CPU @ 2.80GHz
stepping	: 9
cpu MHz		: 2808.006
cache size	: 6144 KB
physical id	: 0
siblings	: 1
core id		: 0
cpu cores	: 1
apicid		: 0
initial apicid	: 0
fpu		: yes
fpu_exception	: yes
cpuid level	: 22
wp		: yes
flags		: fpu vme de pse tsc msr pae mce cx8 apic sep mtrr pge mca cmov pat pse36 clflush mmx fxsr sse sse2 ht syscall nx rdtscp lm constant_tsc rep_good nopl xtopology nonstop_tsc cpuid pni pclmulqdq monitor ssse3 cx16 pcid sse4_1 sse4_2 x2apic movbe popcnt aes xsave avx rdrand hypervisor lahf_lm abm 3dnowprefetch invpcid_single pti fsgsbase avx2 invpcid rdseed clflushopt
bugs		: cpu_meltdown spectre_v1 spectre_v2 spec_store_bypass l1tf
bogomips	: 5616.01
clflush size	: 64
cache_alignment	: 64
address sizes	: 39 bits physical, 48 bits virtual
power management:



Memory: 4k page, physical 4039736k(102484k free), swap 1942896k(0k free)

vm_info: OpenJDK 64-Bit Server VM (25.191-b12) for linux-amd64 JRE (1.8.0_191-8u191-b12-0ubuntu0.18.04.1-b12), built on Nov 20 2018 01:07:58 by "buildd" with gcc 7.3.0

time: Fri Jan 25 12:53:06 2019
elapsed time: 57 seconds (0d 0h 0m 57s)

